<?xml version="1.0" encoding="UTF-8"?>
<robot generator="Robot 7.2.2 (Python 3.11.8 on win32)" generated="2025-02-23T22:02:41.534756" rpa="false" schemaversion="5">
<suite id="s1" name="Tests" source="C:\.Cahya\Cahya\learn\automation testing\gorest-api-robot-framework\tests">
<suite id="s1-s1" name="Createuser.Test" source="C:\.Cahya\Cahya\learn\automation testing\gorest-api-robot-framework\tests\createuser.test.robot">
<test id="s1-s1-t1" name="API POST Create New User Returns 201 CREATED" line="9">
<kw name="Set Environment Variables" owner="variables" type="SETUP">
<kw name="Get Env" owner="EnvLoader">
<msg time="2025-02-23T22:02:42.426596" level="INFO">${BASE_URL} = https://gorest.co.in/public/v2/users/</msg>
<var>${BASE_URL}</var>
<arg>BASE_URL</arg>
<status status="PASS" start="2025-02-23T22:02:42.423597" elapsed="0.002999"/>
</kw>
<kw name="Get Env" owner="EnvLoader">
<msg time="2025-02-23T22:02:42.427597" level="INFO">${BEARER_TOKEN} = 85ed37ec93fe784056f522ad209f6c1bbaf23f29ef836e5622785b108e42f076</msg>
<var>${BEARER_TOKEN}</var>
<arg>BEARER_TOKEN</arg>
<status status="PASS" start="2025-02-23T22:02:42.427597" elapsed="0.000000"/>
</kw>
<kw name="Get Env" owner="EnvLoader">
<msg time="2025-02-23T22:02:42.427597" level="INFO">${ACCEPT} = application/json</msg>
<var>${ACCEPT}</var>
<arg>ACCEPT</arg>
<status status="PASS" start="2025-02-23T22:02:42.427597" elapsed="0.000000"/>
</kw>
<kw name="Get Env" owner="EnvLoader">
<msg time="2025-02-23T22:02:42.427597" level="INFO">${CONTENT_TYPE} = application/json</msg>
<var>${CONTENT_TYPE}</var>
<arg>CONTENT_TYPE</arg>
<status status="PASS" start="2025-02-23T22:02:42.427597" elapsed="0.000000"/>
</kw>
<kw name="Get Env" owner="EnvLoader">
<msg time="2025-02-23T22:02:42.427597" level="INFO">${USER_ID} = 7716191</msg>
<var>${USER_ID}</var>
<arg>USER_ID</arg>
<status status="PASS" start="2025-02-23T22:02:42.427597" elapsed="0.000000"/>
</kw>
<kw name="Get Env" owner="EnvLoader">
<msg time="2025-02-23T22:02:42.427597" level="INFO">${USER_ID2} = 7716201</msg>
<var>${USER_ID2}</var>
<arg>USER_ID2</arg>
<status status="PASS" start="2025-02-23T22:02:42.427597" elapsed="0.000000"/>
</kw>
<kw name="Get Env" owner="EnvLoader">
<msg time="2025-02-23T22:02:42.427597" level="INFO">${NON_NUMERIC_ID} = test</msg>
<var>${NON_NUMERIC_ID}</var>
<arg>NON_NUMERIC_ID</arg>
<status status="PASS" start="2025-02-23T22:02:42.427597" elapsed="0.000000"/>
</kw>
<kw name="Get Env" owner="EnvLoader">
<msg time="2025-02-23T22:02:42.428597" level="INFO">${USER_NOT_FOUND_ID} = 83764234234</msg>
<var>${USER_NOT_FOUND_ID}</var>
<arg>USER_NOT_FOUND_ID</arg>
<status status="PASS" start="2025-02-23T22:02:42.427597" elapsed="0.001000"/>
</kw>
<kw name="Get Env" owner="EnvLoader">
<msg time="2025-02-23T22:02:42.428597" level="INFO">${INVALID_TOKEN} = 8716298476192763401640178263</msg>
<var>${INVALID_TOKEN}</var>
<arg>INVALID_TOKEN</arg>
<status status="PASS" start="2025-02-23T22:02:42.428597" elapsed="0.000000"/>
</kw>
<kw name="Get Env" owner="EnvLoader">
<msg time="2025-02-23T22:02:42.428597" level="INFO">${REGISTERED_EMAIL} = Hall@test.com</msg>
<var>${REGISTERED_EMAIL}</var>
<arg>REGISTERED_EMAIL</arg>
<status status="PASS" start="2025-02-23T22:02:42.428597" elapsed="0.000000"/>
</kw>
<kw name="Get Env" owner="EnvLoader">
<msg time="2025-02-23T22:02:42.428597" level="INFO">${INVALID_EMAIL} = invalid-email-format</msg>
<var>${INVALID_EMAIL}</var>
<arg>INVALID_EMAIL</arg>
<status status="PASS" start="2025-02-23T22:02:42.428597" elapsed="0.000000"/>
</kw>
<kw name="Get Env" owner="EnvLoader">
<msg time="2025-02-23T22:02:42.429599" level="INFO">${LONG_EMAIL} = celine01celine01celine01celine01celine01celine01celine01celine01celine01celine01celine01celine01celine01celine01celine01celine01celine01celine01celine01celine01celine01celine01celine01celine01@test.co...</msg>
<var>${LONG_EMAIL}</var>
<arg>LONG_EMAIL</arg>
<status status="PASS" start="2025-02-23T22:02:42.429599" elapsed="0.000000"/>
</kw>
<kw name="Get Env" owner="EnvLoader">
<msg time="2025-02-23T22:02:42.429599" level="INFO">${lONG_INVALID_EMAIL} = celine01celine01celine01 celine01celine01celine01celine 01celine01celine01celine01 celine01celine01celine01celine01 celine01celine01celine01celine01celine01celine01celine01celine01celine01celine01@tes...</msg>
<var>${lONG_INVALID_EMAIL}</var>
<arg>lONG_INVALID_EMAIL</arg>
<status status="PASS" start="2025-02-23T22:02:42.429599" elapsed="0.000000"/>
</kw>
<kw name="Set Global Variable" owner="BuiltIn">
<msg time="2025-02-23T22:02:42.429599" level="INFO">${BASE_URL} = https://gorest.co.in/public/v2/users/</msg>
<arg>${BASE_URL}</arg>
<doc>Makes a variable available globally in all tests and suites.</doc>
<status status="PASS" start="2025-02-23T22:02:42.429599" elapsed="0.000000"/>
</kw>
<kw name="Set Global Variable" owner="BuiltIn">
<msg time="2025-02-23T22:02:42.429599" level="INFO">${BEARER_TOKEN} = 85ed37ec93fe784056f522ad209f6c1bbaf23f29ef836e5622785b108e42f076</msg>
<arg>${BEARER_TOKEN}</arg>
<doc>Makes a variable available globally in all tests and suites.</doc>
<status status="PASS" start="2025-02-23T22:02:42.429599" elapsed="0.000000"/>
</kw>
<kw name="Set Global Variable" owner="BuiltIn">
<msg time="2025-02-23T22:02:42.429599" level="INFO">${ACCEPT} = application/json</msg>
<arg>${ACCEPT}</arg>
<doc>Makes a variable available globally in all tests and suites.</doc>
<status status="PASS" start="2025-02-23T22:02:42.429599" elapsed="0.001000"/>
</kw>
<kw name="Set Global Variable" owner="BuiltIn">
<msg time="2025-02-23T22:02:42.430599" level="INFO">${CONTENT_TYPE} = application/json</msg>
<arg>${CONTENT_TYPE}</arg>
<doc>Makes a variable available globally in all tests and suites.</doc>
<status status="PASS" start="2025-02-23T22:02:42.430599" elapsed="0.000000"/>
</kw>
<kw name="Set Global Variable" owner="BuiltIn">
<msg time="2025-02-23T22:02:42.430599" level="INFO">${USER_ID} = 7716191</msg>
<arg>${USER_ID}</arg>
<doc>Makes a variable available globally in all tests and suites.</doc>
<status status="PASS" start="2025-02-23T22:02:42.430599" elapsed="0.000000"/>
</kw>
<kw name="Set Global Variable" owner="BuiltIn">
<msg time="2025-02-23T22:02:42.430599" level="INFO">${USER_ID2} = 7716201</msg>
<arg>${USER_ID2}</arg>
<doc>Makes a variable available globally in all tests and suites.</doc>
<status status="PASS" start="2025-02-23T22:02:42.430599" elapsed="0.000000"/>
</kw>
<kw name="Set Global Variable" owner="BuiltIn">
<msg time="2025-02-23T22:02:42.430599" level="INFO">${NON_NUMERIC_ID} = test</msg>
<arg>${NON_NUMERIC_ID}</arg>
<doc>Makes a variable available globally in all tests and suites.</doc>
<status status="PASS" start="2025-02-23T22:02:42.430599" elapsed="0.000000"/>
</kw>
<kw name="Set Global Variable" owner="BuiltIn">
<msg time="2025-02-23T22:02:42.431600" level="INFO">${USER_NOT_FOUND_ID} = 83764234234</msg>
<arg>${USER_NOT_FOUND_ID}</arg>
<doc>Makes a variable available globally in all tests and suites.</doc>
<status status="PASS" start="2025-02-23T22:02:42.430599" elapsed="0.001001"/>
</kw>
<kw name="Set Global Variable" owner="BuiltIn">
<msg time="2025-02-23T22:02:42.431600" level="INFO">${INVALID_TOKEN} = 8716298476192763401640178263</msg>
<arg>${INVALID_TOKEN}</arg>
<doc>Makes a variable available globally in all tests and suites.</doc>
<status status="PASS" start="2025-02-23T22:02:42.431600" elapsed="0.000000"/>
</kw>
<kw name="Set Global Variable" owner="BuiltIn">
<msg time="2025-02-23T22:02:42.431600" level="INFO">${REGISTERED_EMAIL} = Hall@test.com</msg>
<arg>${REGISTERED_EMAIL}</arg>
<doc>Makes a variable available globally in all tests and suites.</doc>
<status status="PASS" start="2025-02-23T22:02:42.431600" elapsed="0.000000"/>
</kw>
<kw name="Set Global Variable" owner="BuiltIn">
<msg time="2025-02-23T22:02:42.431600" level="INFO">${INVALID_EMAIL} = invalid-email-format</msg>
<arg>${INVALID_EMAIL}</arg>
<doc>Makes a variable available globally in all tests and suites.</doc>
<status status="PASS" start="2025-02-23T22:02:42.431600" elapsed="0.000000"/>
</kw>
<kw name="Set Global Variable" owner="BuiltIn">
<msg time="2025-02-23T22:02:42.431600" level="INFO">${LONG_EMAIL} = celine01celine01celine01celine01celine01celine01celine01celine01celine01celine01celine01celine01celine01celine01celine01celine01celine01celine01celine01celine01celine01celine01celine01celine01@test.co...</msg>
<arg>${LONG_EMAIL}</arg>
<doc>Makes a variable available globally in all tests and suites.</doc>
<status status="PASS" start="2025-02-23T22:02:42.431600" elapsed="0.000000"/>
</kw>
<kw name="Set Global Variable" owner="BuiltIn">
<msg time="2025-02-23T22:02:42.432598" level="INFO">${lONG_INVALID_EMAIL} = celine01celine01celine01 celine01celine01celine01celine 01celine01celine01celine01 celine01celine01celine01celine01 celine01celine01celine01celine01celine01celine01celine01celine01celine01celine01@tes...</msg>
<arg>${lONG_INVALID_EMAIL}</arg>
<doc>Makes a variable available globally in all tests and suites.</doc>
<status status="PASS" start="2025-02-23T22:02:42.431600" elapsed="0.000998"/>
</kw>
<status status="PASS" start="2025-02-23T22:02:42.422597" elapsed="0.010001"/>
</kw>
<kw name="First Name Female" owner="FakerLibrary">
<msg time="2025-02-23T22:02:42.432598" level="INFO">${NAME} = Julia</msg>
<var>${NAME}</var>
<status status="PASS" start="2025-02-23T22:02:42.432598" elapsed="0.000000"/>
</kw>
<kw name="Email" owner="FakerLibrary">
<msg time="2025-02-23T22:02:42.433599" level="INFO">${EMAIL} = craig08@example.com</msg>
<var>${EMAIL}</var>
<status status="PASS" start="2025-02-23T22:02:42.432598" elapsed="0.001001"/>
</kw>
<kw name="Validate Create New User" owner="createuser">
<kw name="Create New User" owner="createuser">
<kw name="Create Dictionary" owner="BuiltIn">
<msg time="2025-02-23T22:02:42.435600" level="INFO">${headers} = {'Accept': 'application/json', 'Content-Type': 'application/json', 'Authorization': 'Bearer 85ed37ec93fe784056f522ad209f6c1bbaf23f29ef836e5622785b108e42f076'}</msg>
<var>${headers}</var>
<arg>Accept=${ACCEPT}</arg>
<arg>Content-Type=${CONTENT_TYPE}</arg>
<arg>Authorization=Bearer ${BEARER_TOKEN}</arg>
<doc>Creates and returns a dictionary based on the given ``items``.</doc>
<status status="PASS" start="2025-02-23T22:02:42.434600" elapsed="0.001000"/>
</kw>
<kw name="Create Dictionary" owner="BuiltIn">
<msg time="2025-02-23T22:02:42.435600" level="INFO">${PAYLOAD} = {'name': 'Julia', 'gender': 'female', 'email': 'craig08@example.com', 'status': 'active'}</msg>
<var>${PAYLOAD}</var>
<arg>name=${name}</arg>
<arg>gender=${gender}</arg>
<arg>email=${email}</arg>
<arg>status=${status}</arg>
<doc>Creates and returns a dictionary based on the given ``items``.</doc>
<status status="PASS" start="2025-02-23T22:02:42.435600" elapsed="0.000000"/>
</kw>
<kw name="POST" owner="RequestsLibrary">
<msg time="2025-02-23T22:02:43.617942" level="INFO">POST Request : url=https://gorest.co.in/public/v2/users/ 
 path_url=/public/v2/users/ 
 headers={'User-Agent': 'python-requests/2.32.3', 'Accept-Encoding': 'gzip, deflate', 'Accept': 'application/json', 'Connection': 'keep-alive', 'Content-Type': 'application/json', 'Authorization': 'Bearer 85ed37ec93fe784056f522ad209f6c1bbaf23f29ef836e5622785b108e42f076', 'Content-Length': '89'} 
 body=b'{"name": "Julia", "gender": "female", "email": "craig08@example.com", "status": "active"}' 
 </msg>
<msg time="2025-02-23T22:02:43.617942" level="INFO">POST Response : url=https://gorest.co.in/public/v2/users/ 
 status=201, reason=Created 
 headers={'Date': 'Sun, 23 Feb 2025 15:02:43 GMT', 'Content-Type': 'application/json; charset=utf-8', 'Content-Length': '95', 'Connection': 'keep-alive', 'Cache-Control': 'max-age=0, private, must-revalidate', 'etag': 'W/"3d16dc515c28a589b6d153366d431c17"', 'feature-policy': "camera 'none'; gyroscope 'none'; microphone 'none'; usb 'none'; fullscreen 'self'", 'location': 'https://gorest.co.in/public/v2/users/7716254', 'referrer-policy': 'strict-origin-when-cross-origin', 'vary': 'Origin', 'x-content-type-options': 'nosniff', 'x-download-options': 'noopen', 'x-frame-options': 'SAMEORIGIN', 'x-permitted-cross-domain-policies': 'none', 'x-ratelimit-limit': '90', 'x-ratelimit-remaining': '89', 'x-ratelimit-reset': '1', 'x-request-id': '91623a34-1f4d-4309-924f-531bac7220b4', 'x-runtime': '0.916845', 'x-xss-protection': '0', 'cf-cache-status': 'DYNAMIC', 'Report-To': '{"endpoints":[{"url":"https:\\/\\/a.nel.cloudflare.com\\/report\\/v4?s=v6KEnjJZGQNhCmKc97W0B5FpUIOjyQKmZlBclUGwHit5ZaayLyZYkIj5MK4QmtjqUU8lhWtVuOy39s2afHA8lFgNuq5SukvefdUkOB7PAaAUyOJIa0LYK1pMrXEo6f6LT2Xpa3%2BflapN6wI%3D"}],"group":"cf-nel","max_age":604800}', 'NEL': '{"success_fraction":0,"report_to":"cf-nel","max_age":604800}', 'Server': 'cloudflare', 'CF-RAY': '916819330f45ee38-CGK', 'alt-svc': 'h3=":443"; ma=86400', 'server-timing': 'cfL4;desc="?proto=TCP&amp;rtt=0&amp;min_rtt=0&amp;rtt_var=0&amp;sent=0&amp;recv=0&amp;lost=0&amp;retrans=0&amp;sent_bytes=0&amp;recv_bytes=0&amp;delivery_rate=0&amp;cwnd=0&amp;unsent_bytes=0&amp;cid=07fa73e6ec5b2e22&amp;ts=1136&amp;x=0"'} 
 body={"id":7716254,"name":"Julia","email":"craig08@example.com","gender":"female","status":"active"} 
 </msg>
<msg time="2025-02-23T22:02:43.617942" level="INFO">${response} = &lt;Response [201]&gt;</msg>
<var>${response}</var>
<arg>${BASE_URL}</arg>
<arg>json=${PAYLOAD}</arg>
<arg>headers=${headers}</arg>
<arg>expected_status=any</arg>
<doc>Sends a POST request.</doc>
<status status="PASS" start="2025-02-23T22:02:42.435600" elapsed="1.182342"/>
</kw>
<return>
<value>${response.status_code}</value>
<value>${response.json()}</value>
<status status="PASS" start="2025-02-23T22:02:43.617942" elapsed="0.000000"/>
</return>
<msg time="2025-02-23T22:02:43.618942" level="INFO">${status_code} = 201</msg>
<msg time="2025-02-23T22:02:43.618942" level="INFO">${response_body} = {'id': 7716254, 'name': 'Julia', 'email': 'craig08@example.com', 'gender': 'female', 'status': 'active'}</msg>
<var>${status_code}</var>
<var>${response_body}</var>
<arg>${name}</arg>
<arg>${gender}</arg>
<arg>${email}</arg>
<arg>${status}</arg>
<status status="PASS" start="2025-02-23T22:02:42.434600" elapsed="1.184342"/>
</kw>
<kw name="Should Be Equal As Numbers" owner="BuiltIn">
<msg time="2025-02-23T22:02:43.618942" level="INFO">Argument types are:
&lt;class 'int'&gt;
&lt;class 'str'&gt;</msg>
<arg>${status_code}</arg>
<arg>${expected_status_code}</arg>
<doc>Fails if objects are unequal after converting them to real numbers.</doc>
<status status="PASS" start="2025-02-23T22:02:43.618942" elapsed="0.000000"/>
</kw>
<kw name="Should Contain" owner="BuiltIn">
<arg>${response_body["name"]}</arg>
<arg>${name}</arg>
<doc>Fails if ``container`` does not contain ``item`` one or more times.</doc>
<status status="PASS" start="2025-02-23T22:02:43.618942" elapsed="0.001000"/>
</kw>
<kw name="Should Contain" owner="BuiltIn">
<arg>${response_body["gender"]}</arg>
<arg>${gender}</arg>
<doc>Fails if ``container`` does not contain ``item`` one or more times.</doc>
<status status="PASS" start="2025-02-23T22:02:43.619942" elapsed="0.000000"/>
</kw>
<kw name="Should Contain" owner="BuiltIn">
<arg>${response_body["email"]}</arg>
<arg>${email}</arg>
<doc>Fails if ``container`` does not contain ``item`` one or more times.</doc>
<status status="PASS" start="2025-02-23T22:02:43.619942" elapsed="0.001001"/>
</kw>
<kw name="Should Contain" owner="BuiltIn">
<arg>${response_body["status"]}</arg>
<arg>${status}</arg>
<doc>Fails if ``container`` does not contain ``item`` one or more times.</doc>
<status status="PASS" start="2025-02-23T22:02:43.620943" elapsed="0.000000"/>
</kw>
<arg>${NAME}</arg>
<arg>female</arg>
<arg>${EMAIL}</arg>
<arg>active</arg>
<arg>201</arg>
<status status="PASS" start="2025-02-23T22:02:42.433599" elapsed="1.187344"/>
</kw>
<status status="PASS" start="2025-02-23T22:02:42.421596" elapsed="1.199347"/>
</test>
<test id="s1-s1-t2" name="API POST Create User With Empty Name Returns 422 UNPROCESSABLE ENTITY" line="14">
<kw name="Set Environment Variables" owner="variables" type="SETUP">
<kw name="Get Env" owner="EnvLoader">
<msg time="2025-02-23T22:02:43.623943" level="INFO">${BASE_URL} = https://gorest.co.in/public/v2/users/</msg>
<var>${BASE_URL}</var>
<arg>BASE_URL</arg>
<status status="PASS" start="2025-02-23T22:02:43.621942" elapsed="0.002001"/>
</kw>
<kw name="Get Env" owner="EnvLoader">
<msg time="2025-02-23T22:02:43.623943" level="INFO">${BEARER_TOKEN} = 85ed37ec93fe784056f522ad209f6c1bbaf23f29ef836e5622785b108e42f076</msg>
<var>${BEARER_TOKEN}</var>
<arg>BEARER_TOKEN</arg>
<status status="PASS" start="2025-02-23T22:02:43.623943" elapsed="0.000000"/>
</kw>
<kw name="Get Env" owner="EnvLoader">
<msg time="2025-02-23T22:02:43.623943" level="INFO">${ACCEPT} = application/json</msg>
<var>${ACCEPT}</var>
<arg>ACCEPT</arg>
<status status="PASS" start="2025-02-23T22:02:43.623943" elapsed="0.000000"/>
</kw>
<kw name="Get Env" owner="EnvLoader">
<msg time="2025-02-23T22:02:43.623943" level="INFO">${CONTENT_TYPE} = application/json</msg>
<var>${CONTENT_TYPE}</var>
<arg>CONTENT_TYPE</arg>
<status status="PASS" start="2025-02-23T22:02:43.623943" elapsed="0.000000"/>
</kw>
<kw name="Get Env" owner="EnvLoader">
<msg time="2025-02-23T22:02:43.623943" level="INFO">${USER_ID} = 7716191</msg>
<var>${USER_ID}</var>
<arg>USER_ID</arg>
<status status="PASS" start="2025-02-23T22:02:43.623943" elapsed="0.000000"/>
</kw>
<kw name="Get Env" owner="EnvLoader">
<msg time="2025-02-23T22:02:43.624941" level="INFO">${USER_ID2} = 7716201</msg>
<var>${USER_ID2}</var>
<arg>USER_ID2</arg>
<status status="PASS" start="2025-02-23T22:02:43.624941" elapsed="0.000000"/>
</kw>
<kw name="Get Env" owner="EnvLoader">
<msg time="2025-02-23T22:02:43.624941" level="INFO">${NON_NUMERIC_ID} = test</msg>
<var>${NON_NUMERIC_ID}</var>
<arg>NON_NUMERIC_ID</arg>
<status status="PASS" start="2025-02-23T22:02:43.624941" elapsed="0.000000"/>
</kw>
<kw name="Get Env" owner="EnvLoader">
<msg time="2025-02-23T22:02:43.624941" level="INFO">${USER_NOT_FOUND_ID} = 83764234234</msg>
<var>${USER_NOT_FOUND_ID}</var>
<arg>USER_NOT_FOUND_ID</arg>
<status status="PASS" start="2025-02-23T22:02:43.624941" elapsed="0.000000"/>
</kw>
<kw name="Get Env" owner="EnvLoader">
<msg time="2025-02-23T22:02:43.624941" level="INFO">${INVALID_TOKEN} = 8716298476192763401640178263</msg>
<var>${INVALID_TOKEN}</var>
<arg>INVALID_TOKEN</arg>
<status status="PASS" start="2025-02-23T22:02:43.624941" elapsed="0.000000"/>
</kw>
<kw name="Get Env" owner="EnvLoader">
<msg time="2025-02-23T22:02:43.624941" level="INFO">${REGISTERED_EMAIL} = Hall@test.com</msg>
<var>${REGISTERED_EMAIL}</var>
<arg>REGISTERED_EMAIL</arg>
<status status="PASS" start="2025-02-23T22:02:43.624941" elapsed="0.000000"/>
</kw>
<kw name="Get Env" owner="EnvLoader">
<msg time="2025-02-23T22:02:43.624941" level="INFO">${INVALID_EMAIL} = invalid-email-format</msg>
<var>${INVALID_EMAIL}</var>
<arg>INVALID_EMAIL</arg>
<status status="PASS" start="2025-02-23T22:02:43.624941" elapsed="0.000000"/>
</kw>
<kw name="Get Env" owner="EnvLoader">
<msg time="2025-02-23T22:02:43.624941" level="INFO">${LONG_EMAIL} = celine01celine01celine01celine01celine01celine01celine01celine01celine01celine01celine01celine01celine01celine01celine01celine01celine01celine01celine01celine01celine01celine01celine01celine01@test.co...</msg>
<var>${LONG_EMAIL}</var>
<arg>LONG_EMAIL</arg>
<status status="PASS" start="2025-02-23T22:02:43.624941" elapsed="0.000000"/>
</kw>
<kw name="Get Env" owner="EnvLoader">
<msg time="2025-02-23T22:02:43.624941" level="INFO">${lONG_INVALID_EMAIL} = celine01celine01celine01 celine01celine01celine01celine 01celine01celine01celine01 celine01celine01celine01celine01 celine01celine01celine01celine01celine01celine01celine01celine01celine01celine01@tes...</msg>
<var>${lONG_INVALID_EMAIL}</var>
<arg>lONG_INVALID_EMAIL</arg>
<status status="PASS" start="2025-02-23T22:02:43.624941" elapsed="0.000000"/>
</kw>
<kw name="Set Global Variable" owner="BuiltIn">
<msg time="2025-02-23T22:02:43.625942" level="INFO">${BASE_URL} = https://gorest.co.in/public/v2/users/</msg>
<arg>${BASE_URL}</arg>
<doc>Makes a variable available globally in all tests and suites.</doc>
<status status="PASS" start="2025-02-23T22:02:43.624941" elapsed="0.001001"/>
</kw>
<kw name="Set Global Variable" owner="BuiltIn">
<msg time="2025-02-23T22:02:43.625942" level="INFO">${BEARER_TOKEN} = 85ed37ec93fe784056f522ad209f6c1bbaf23f29ef836e5622785b108e42f076</msg>
<arg>${BEARER_TOKEN}</arg>
<doc>Makes a variable available globally in all tests and suites.</doc>
<status status="PASS" start="2025-02-23T22:02:43.625942" elapsed="0.000000"/>
</kw>
<kw name="Set Global Variable" owner="BuiltIn">
<msg time="2025-02-23T22:02:43.625942" level="INFO">${ACCEPT} = application/json</msg>
<arg>${ACCEPT}</arg>
<doc>Makes a variable available globally in all tests and suites.</doc>
<status status="PASS" start="2025-02-23T22:02:43.625942" elapsed="0.000000"/>
</kw>
<kw name="Set Global Variable" owner="BuiltIn">
<msg time="2025-02-23T22:02:43.625942" level="INFO">${CONTENT_TYPE} = application/json</msg>
<arg>${CONTENT_TYPE}</arg>
<doc>Makes a variable available globally in all tests and suites.</doc>
<status status="PASS" start="2025-02-23T22:02:43.625942" elapsed="0.000000"/>
</kw>
<kw name="Set Global Variable" owner="BuiltIn">
<msg time="2025-02-23T22:02:43.625942" level="INFO">${USER_ID} = 7716191</msg>
<arg>${USER_ID}</arg>
<doc>Makes a variable available globally in all tests and suites.</doc>
<status status="PASS" start="2025-02-23T22:02:43.625942" elapsed="0.000000"/>
</kw>
<kw name="Set Global Variable" owner="BuiltIn">
<msg time="2025-02-23T22:02:43.626951" level="INFO">${USER_ID2} = 7716201</msg>
<arg>${USER_ID2}</arg>
<doc>Makes a variable available globally in all tests and suites.</doc>
<status status="PASS" start="2025-02-23T22:02:43.626951" elapsed="0.000000"/>
</kw>
<kw name="Set Global Variable" owner="BuiltIn">
<msg time="2025-02-23T22:02:43.626951" level="INFO">${NON_NUMERIC_ID} = test</msg>
<arg>${NON_NUMERIC_ID}</arg>
<doc>Makes a variable available globally in all tests and suites.</doc>
<status status="PASS" start="2025-02-23T22:02:43.626951" elapsed="0.000000"/>
</kw>
<kw name="Set Global Variable" owner="BuiltIn">
<msg time="2025-02-23T22:02:43.626951" level="INFO">${USER_NOT_FOUND_ID} = 83764234234</msg>
<arg>${USER_NOT_FOUND_ID}</arg>
<doc>Makes a variable available globally in all tests and suites.</doc>
<status status="PASS" start="2025-02-23T22:02:43.626951" elapsed="0.000000"/>
</kw>
<kw name="Set Global Variable" owner="BuiltIn">
<msg time="2025-02-23T22:02:43.626951" level="INFO">${INVALID_TOKEN} = 8716298476192763401640178263</msg>
<arg>${INVALID_TOKEN}</arg>
<doc>Makes a variable available globally in all tests and suites.</doc>
<status status="PASS" start="2025-02-23T22:02:43.626951" elapsed="0.000000"/>
</kw>
<kw name="Set Global Variable" owner="BuiltIn">
<msg time="2025-02-23T22:02:43.627942" level="INFO">${REGISTERED_EMAIL} = Hall@test.com</msg>
<arg>${REGISTERED_EMAIL}</arg>
<doc>Makes a variable available globally in all tests and suites.</doc>
<status status="PASS" start="2025-02-23T22:02:43.626951" elapsed="0.000991"/>
</kw>
<kw name="Set Global Variable" owner="BuiltIn">
<msg time="2025-02-23T22:02:43.627942" level="INFO">${INVALID_EMAIL} = invalid-email-format</msg>
<arg>${INVALID_EMAIL}</arg>
<doc>Makes a variable available globally in all tests and suites.</doc>
<status status="PASS" start="2025-02-23T22:02:43.627942" elapsed="0.000000"/>
</kw>
<kw name="Set Global Variable" owner="BuiltIn">
<msg time="2025-02-23T22:02:43.627942" level="INFO">${LONG_EMAIL} = celine01celine01celine01celine01celine01celine01celine01celine01celine01celine01celine01celine01celine01celine01celine01celine01celine01celine01celine01celine01celine01celine01celine01celine01@test.co...</msg>
<arg>${LONG_EMAIL}</arg>
<doc>Makes a variable available globally in all tests and suites.</doc>
<status status="PASS" start="2025-02-23T22:02:43.627942" elapsed="0.000000"/>
</kw>
<kw name="Set Global Variable" owner="BuiltIn">
<msg time="2025-02-23T22:02:43.627942" level="INFO">${lONG_INVALID_EMAIL} = celine01celine01celine01 celine01celine01celine01celine 01celine01celine01celine01 celine01celine01celine01celine01 celine01celine01celine01celine01celine01celine01celine01celine01celine01celine01@tes...</msg>
<arg>${lONG_INVALID_EMAIL}</arg>
<doc>Makes a variable available globally in all tests and suites.</doc>
<status status="PASS" start="2025-02-23T22:02:43.627942" elapsed="0.000000"/>
</kw>
<status status="PASS" start="2025-02-23T22:02:43.621942" elapsed="0.006000"/>
</kw>
<kw name="Email" owner="FakerLibrary">
<msg time="2025-02-23T22:02:43.628941" level="INFO">${EMAIL} = oandrews@example.com</msg>
<var>${EMAIL}</var>
<status status="PASS" start="2025-02-23T22:02:43.628941" elapsed="0.000000"/>
</kw>
<kw name="Create Dictionary" owner="BuiltIn">
<msg time="2025-02-23T22:02:43.628941" level="INFO">${EXPECTED_ERROR} = {'field': 'name', 'message': "can't be blank"}</msg>
<var>${EXPECTED_ERROR}</var>
<arg>field=name</arg>
<arg>message=can't be blank</arg>
<doc>Creates and returns a dictionary based on the given ``items``.</doc>
<status status="PASS" start="2025-02-23T22:02:43.628941" elapsed="0.000000"/>
</kw>
<kw name="Validate Create New User With Invalid Value" owner="createuser">
<kw name="Create New User" owner="createuser">
<kw name="Create Dictionary" owner="BuiltIn">
<msg time="2025-02-23T22:02:43.629941" level="INFO">${headers} = {'Accept': 'application/json', 'Content-Type': 'application/json', 'Authorization': 'Bearer 85ed37ec93fe784056f522ad209f6c1bbaf23f29ef836e5622785b108e42f076'}</msg>
<var>${headers}</var>
<arg>Accept=${ACCEPT}</arg>
<arg>Content-Type=${CONTENT_TYPE}</arg>
<arg>Authorization=Bearer ${BEARER_TOKEN}</arg>
<doc>Creates and returns a dictionary based on the given ``items``.</doc>
<status status="PASS" start="2025-02-23T22:02:43.629941" elapsed="0.000000"/>
</kw>
<kw name="Create Dictionary" owner="BuiltIn">
<msg time="2025-02-23T22:02:43.629941" level="INFO">${PAYLOAD} = {'name': '', 'gender': 'female', 'email': 'oandrews@example.com', 'status': 'active'}</msg>
<var>${PAYLOAD}</var>
<arg>name=${name}</arg>
<arg>gender=${gender}</arg>
<arg>email=${email}</arg>
<arg>status=${status}</arg>
<doc>Creates and returns a dictionary based on the given ``items``.</doc>
<status status="PASS" start="2025-02-23T22:02:43.629941" elapsed="0.000000"/>
</kw>
<kw name="POST" owner="RequestsLibrary">
<msg time="2025-02-23T22:02:44.477862" level="INFO">POST Request : url=https://gorest.co.in/public/v2/users/ 
 path_url=/public/v2/users/ 
 headers={'User-Agent': 'python-requests/2.32.3', 'Accept-Encoding': 'gzip, deflate', 'Accept': 'application/json', 'Connection': 'keep-alive', 'Content-Type': 'application/json', 'Authorization': 'Bearer 85ed37ec93fe784056f522ad209f6c1bbaf23f29ef836e5622785b108e42f076', 'Content-Length': '85'} 
 body=b'{"name": "", "gender": "female", "email": "oandrews@example.com", "status": "active"}' 
 </msg>
<msg time="2025-02-23T22:02:44.477862" level="INFO">POST Response : url=https://gorest.co.in/public/v2/users/ 
 status=422, reason=Unprocessable Entity 
 headers={'Date': 'Sun, 23 Feb 2025 15:02:44 GMT', 'Content-Type': 'application/json; charset=utf-8', 'Content-Length': '45', 'Connection': 'keep-alive', 'Cache-Control': 'no-cache', 'feature-policy': "camera 'none'; gyroscope 'none'; microphone 'none'; usb 'none'; fullscreen 'self'", 'referrer-policy': 'strict-origin-when-cross-origin', 'vary': 'Origin', 'x-content-type-options': 'nosniff', 'x-download-options': 'noopen', 'x-frame-options': 'SAMEORIGIN', 'x-permitted-cross-domain-policies': 'none', 'x-ratelimit-limit': '90', 'x-ratelimit-remaining': '89', 'x-ratelimit-reset': '1', 'x-request-id': '5b8e1bb0-973d-4b3d-88d2-9130c2bf2d38', 'x-runtime': '0.536521', 'x-xss-protection': '0', 'cf-cache-status': 'DYNAMIC', 'Report-To': '{"endpoints":[{"url":"https:\\/\\/a.nel.cloudflare.com\\/report\\/v4?s=xMfcZ%2BV5GaqgKjlWH7te1NSw8cByGnPMSP3XNVSuGsg1DmWiIR%2Fxx%2Bq34ngYMi2AJW16wFk6OLBPZsu7FNU0nQleFB6gcbe255VLMnAXTZmgMyD6PLE44aRuVGacX4ZIdQlpX13LtZGIcdM%3D"}],"group":"cf-nel","max_age":604800}', 'NEL': '{"success_fraction":0,"report_to":"cf-nel","max_age":604800}', 'Server': 'cloudflare', 'CF-RAY': '9168193a4cb4ee38-CGK', 'alt-svc': 'h3=":443"; ma=86400', 'server-timing': 'cfL4;desc="?proto=TCP&amp;rtt=0&amp;min_rtt=0&amp;rtt_var=0&amp;sent=0&amp;recv=0&amp;lost=0&amp;retrans=0&amp;sent_bytes=0&amp;recv_bytes=0&amp;delivery_rate=0&amp;cwnd=0&amp;unsent_bytes=0&amp;cid=b913465b689fd699&amp;ts=819&amp;x=0"'} 
 body=[{"field":"name","message":"can't be blank"}] 
 </msg>
<msg time="2025-02-23T22:02:44.477862" level="INFO">${response} = &lt;Response [422]&gt;</msg>
<var>${response}</var>
<arg>${BASE_URL}</arg>
<arg>json=${PAYLOAD}</arg>
<arg>headers=${headers}</arg>
<arg>expected_status=any</arg>
<doc>Sends a POST request.</doc>
<status status="PASS" start="2025-02-23T22:02:43.629941" elapsed="0.847921"/>
</kw>
<return>
<value>${response.status_code}</value>
<value>${response.json()}</value>
<status status="PASS" start="2025-02-23T22:02:44.477862" elapsed="0.000000"/>
</return>
<msg time="2025-02-23T22:02:44.478865" level="INFO">${status_code} = 422</msg>
<msg time="2025-02-23T22:02:44.478865" level="INFO">${response_body} = [{'field': 'name', 'message': "can't be blank"}]</msg>
<var>${status_code}</var>
<var>${response_body}</var>
<arg>${name}</arg>
<arg>${gender}</arg>
<arg>${email}</arg>
<arg>${status}</arg>
<status status="PASS" start="2025-02-23T22:02:43.629941" elapsed="0.848924"/>
</kw>
<kw name="Should Be Equal As Numbers" owner="BuiltIn">
<msg time="2025-02-23T22:02:44.478865" level="INFO">Argument types are:
&lt;class 'int'&gt;
&lt;class 'str'&gt;</msg>
<arg>${status_code}</arg>
<arg>${expected_status_code}</arg>
<doc>Fails if objects are unequal after converting them to real numbers.</doc>
<status status="PASS" start="2025-02-23T22:02:44.478865" elapsed="0.000000"/>
</kw>
<kw name="Should Be Equal As Strings" owner="BuiltIn">
<arg>${response_body[0]["field"]}</arg>
<arg>${expected_error["field"]}</arg>
<doc>Fails if objects are unequal after converting them to strings.</doc>
<status status="PASS" start="2025-02-23T22:02:44.478865" elapsed="0.000995"/>
</kw>
<kw name="Should Be Equal As Strings" owner="BuiltIn">
<arg>${response_body[0]["message"]}</arg>
<arg>${expected_error["message"]}</arg>
<doc>Fails if objects are unequal after converting them to strings.</doc>
<status status="PASS" start="2025-02-23T22:02:44.479860" elapsed="0.000000"/>
</kw>
<arg>${EMPTY}</arg>
<arg>female</arg>
<arg>${EMAIL}</arg>
<arg>active</arg>
<arg>422</arg>
<arg>${EXPECTED_ERROR}</arg>
<status status="PASS" start="2025-02-23T22:02:43.629941" elapsed="0.849919"/>
</kw>
<status status="PASS" start="2025-02-23T22:02:43.621942" elapsed="0.858918"/>
</test>
<test id="s1-s1-t3" name="API POST Create User With Name More Than 200 Characters Returns 422 UNPROCESSABLE ENTITY" line="19">
<kw name="Set Environment Variables" owner="variables" type="SETUP">
<kw name="Get Env" owner="EnvLoader">
<msg time="2025-02-23T22:02:44.482860" level="INFO">${BASE_URL} = https://gorest.co.in/public/v2/users/</msg>
<var>${BASE_URL}</var>
<arg>BASE_URL</arg>
<status status="PASS" start="2025-02-23T22:02:44.480860" elapsed="0.002000"/>
</kw>
<kw name="Get Env" owner="EnvLoader">
<msg time="2025-02-23T22:02:44.482860" level="INFO">${BEARER_TOKEN} = 85ed37ec93fe784056f522ad209f6c1bbaf23f29ef836e5622785b108e42f076</msg>
<var>${BEARER_TOKEN}</var>
<arg>BEARER_TOKEN</arg>
<status status="PASS" start="2025-02-23T22:02:44.482860" elapsed="0.000000"/>
</kw>
<kw name="Get Env" owner="EnvLoader">
<msg time="2025-02-23T22:02:44.482860" level="INFO">${ACCEPT} = application/json</msg>
<var>${ACCEPT}</var>
<arg>ACCEPT</arg>
<status status="PASS" start="2025-02-23T22:02:44.482860" elapsed="0.000000"/>
</kw>
<kw name="Get Env" owner="EnvLoader">
<msg time="2025-02-23T22:02:44.482860" level="INFO">${CONTENT_TYPE} = application/json</msg>
<var>${CONTENT_TYPE}</var>
<arg>CONTENT_TYPE</arg>
<status status="PASS" start="2025-02-23T22:02:44.482860" elapsed="0.000000"/>
</kw>
<kw name="Get Env" owner="EnvLoader">
<msg time="2025-02-23T22:02:44.482860" level="INFO">${USER_ID} = 7716191</msg>
<var>${USER_ID}</var>
<arg>USER_ID</arg>
<status status="PASS" start="2025-02-23T22:02:44.482860" elapsed="0.001007"/>
</kw>
<kw name="Get Env" owner="EnvLoader">
<msg time="2025-02-23T22:02:44.483867" level="INFO">${USER_ID2} = 7716201</msg>
<var>${USER_ID2}</var>
<arg>USER_ID2</arg>
<status status="PASS" start="2025-02-23T22:02:44.483867" elapsed="0.000000"/>
</kw>
<kw name="Get Env" owner="EnvLoader">
<msg time="2025-02-23T22:02:44.483867" level="INFO">${NON_NUMERIC_ID} = test</msg>
<var>${NON_NUMERIC_ID}</var>
<arg>NON_NUMERIC_ID</arg>
<status status="PASS" start="2025-02-23T22:02:44.483867" elapsed="0.000000"/>
</kw>
<kw name="Get Env" owner="EnvLoader">
<msg time="2025-02-23T22:02:44.483867" level="INFO">${USER_NOT_FOUND_ID} = 83764234234</msg>
<var>${USER_NOT_FOUND_ID}</var>
<arg>USER_NOT_FOUND_ID</arg>
<status status="PASS" start="2025-02-23T22:02:44.483867" elapsed="0.000000"/>
</kw>
<kw name="Get Env" owner="EnvLoader">
<msg time="2025-02-23T22:02:44.483867" level="INFO">${INVALID_TOKEN} = 8716298476192763401640178263</msg>
<var>${INVALID_TOKEN}</var>
<arg>INVALID_TOKEN</arg>
<status status="PASS" start="2025-02-23T22:02:44.483867" elapsed="0.000000"/>
</kw>
<kw name="Get Env" owner="EnvLoader">
<msg time="2025-02-23T22:02:44.483867" level="INFO">${REGISTERED_EMAIL} = Hall@test.com</msg>
<var>${REGISTERED_EMAIL}</var>
<arg>REGISTERED_EMAIL</arg>
<status status="PASS" start="2025-02-23T22:02:44.483867" elapsed="0.000000"/>
</kw>
<kw name="Get Env" owner="EnvLoader">
<msg time="2025-02-23T22:02:44.483867" level="INFO">${INVALID_EMAIL} = invalid-email-format</msg>
<var>${INVALID_EMAIL}</var>
<arg>INVALID_EMAIL</arg>
<status status="PASS" start="2025-02-23T22:02:44.483867" elapsed="0.000000"/>
</kw>
<kw name="Get Env" owner="EnvLoader">
<msg time="2025-02-23T22:02:44.483867" level="INFO">${LONG_EMAIL} = celine01celine01celine01celine01celine01celine01celine01celine01celine01celine01celine01celine01celine01celine01celine01celine01celine01celine01celine01celine01celine01celine01celine01celine01@test.co...</msg>
<var>${LONG_EMAIL}</var>
<arg>LONG_EMAIL</arg>
<status status="PASS" start="2025-02-23T22:02:44.483867" elapsed="0.000000"/>
</kw>
<kw name="Get Env" owner="EnvLoader">
<msg time="2025-02-23T22:02:44.483867" level="INFO">${lONG_INVALID_EMAIL} = celine01celine01celine01 celine01celine01celine01celine 01celine01celine01celine01 celine01celine01celine01celine01 celine01celine01celine01celine01celine01celine01celine01celine01celine01celine01@tes...</msg>
<var>${lONG_INVALID_EMAIL}</var>
<arg>lONG_INVALID_EMAIL</arg>
<status status="PASS" start="2025-02-23T22:02:44.483867" elapsed="0.000000"/>
</kw>
<kw name="Set Global Variable" owner="BuiltIn">
<msg time="2025-02-23T22:02:44.484861" level="INFO">${BASE_URL} = https://gorest.co.in/public/v2/users/</msg>
<arg>${BASE_URL}</arg>
<doc>Makes a variable available globally in all tests and suites.</doc>
<status status="PASS" start="2025-02-23T22:02:44.483867" elapsed="0.000994"/>
</kw>
<kw name="Set Global Variable" owner="BuiltIn">
<msg time="2025-02-23T22:02:44.484861" level="INFO">${BEARER_TOKEN} = 85ed37ec93fe784056f522ad209f6c1bbaf23f29ef836e5622785b108e42f076</msg>
<arg>${BEARER_TOKEN}</arg>
<doc>Makes a variable available globally in all tests and suites.</doc>
<status status="PASS" start="2025-02-23T22:02:44.484861" elapsed="0.000000"/>
</kw>
<kw name="Set Global Variable" owner="BuiltIn">
<msg time="2025-02-23T22:02:44.484861" level="INFO">${ACCEPT} = application/json</msg>
<arg>${ACCEPT}</arg>
<doc>Makes a variable available globally in all tests and suites.</doc>
<status status="PASS" start="2025-02-23T22:02:44.484861" elapsed="0.000000"/>
</kw>
<kw name="Set Global Variable" owner="BuiltIn">
<msg time="2025-02-23T22:02:44.484861" level="INFO">${CONTENT_TYPE} = application/json</msg>
<arg>${CONTENT_TYPE}</arg>
<doc>Makes a variable available globally in all tests and suites.</doc>
<status status="PASS" start="2025-02-23T22:02:44.484861" elapsed="0.000000"/>
</kw>
<kw name="Set Global Variable" owner="BuiltIn">
<msg time="2025-02-23T22:02:44.484861" level="INFO">${USER_ID} = 7716191</msg>
<arg>${USER_ID}</arg>
<doc>Makes a variable available globally in all tests and suites.</doc>
<status status="PASS" start="2025-02-23T22:02:44.484861" elapsed="0.000000"/>
</kw>
<kw name="Set Global Variable" owner="BuiltIn">
<msg time="2025-02-23T22:02:44.484861" level="INFO">${USER_ID2} = 7716201</msg>
<arg>${USER_ID2}</arg>
<doc>Makes a variable available globally in all tests and suites.</doc>
<status status="PASS" start="2025-02-23T22:02:44.484861" elapsed="0.000000"/>
</kw>
<kw name="Set Global Variable" owner="BuiltIn">
<msg time="2025-02-23T22:02:44.485860" level="INFO">${NON_NUMERIC_ID} = test</msg>
<arg>${NON_NUMERIC_ID}</arg>
<doc>Makes a variable available globally in all tests and suites.</doc>
<status status="PASS" start="2025-02-23T22:02:44.485860" elapsed="0.000000"/>
</kw>
<kw name="Set Global Variable" owner="BuiltIn">
<msg time="2025-02-23T22:02:44.485860" level="INFO">${USER_NOT_FOUND_ID} = 83764234234</msg>
<arg>${USER_NOT_FOUND_ID}</arg>
<doc>Makes a variable available globally in all tests and suites.</doc>
<status status="PASS" start="2025-02-23T22:02:44.485860" elapsed="0.000000"/>
</kw>
<kw name="Set Global Variable" owner="BuiltIn">
<msg time="2025-02-23T22:02:44.485860" level="INFO">${INVALID_TOKEN} = 8716298476192763401640178263</msg>
<arg>${INVALID_TOKEN}</arg>
<doc>Makes a variable available globally in all tests and suites.</doc>
<status status="PASS" start="2025-02-23T22:02:44.485860" elapsed="0.000000"/>
</kw>
<kw name="Set Global Variable" owner="BuiltIn">
<msg time="2025-02-23T22:02:44.485860" level="INFO">${REGISTERED_EMAIL} = Hall@test.com</msg>
<arg>${REGISTERED_EMAIL}</arg>
<doc>Makes a variable available globally in all tests and suites.</doc>
<status status="PASS" start="2025-02-23T22:02:44.485860" elapsed="0.000000"/>
</kw>
<kw name="Set Global Variable" owner="BuiltIn">
<msg time="2025-02-23T22:02:44.485860" level="INFO">${INVALID_EMAIL} = invalid-email-format</msg>
<arg>${INVALID_EMAIL}</arg>
<doc>Makes a variable available globally in all tests and suites.</doc>
<status status="PASS" start="2025-02-23T22:02:44.485860" elapsed="0.000000"/>
</kw>
<kw name="Set Global Variable" owner="BuiltIn">
<msg time="2025-02-23T22:02:44.485860" level="INFO">${LONG_EMAIL} = celine01celine01celine01celine01celine01celine01celine01celine01celine01celine01celine01celine01celine01celine01celine01celine01celine01celine01celine01celine01celine01celine01celine01celine01@test.co...</msg>
<arg>${LONG_EMAIL}</arg>
<doc>Makes a variable available globally in all tests and suites.</doc>
<status status="PASS" start="2025-02-23T22:02:44.485860" elapsed="0.000000"/>
</kw>
<kw name="Set Global Variable" owner="BuiltIn">
<msg time="2025-02-23T22:02:44.485860" level="INFO">${lONG_INVALID_EMAIL} = celine01celine01celine01 celine01celine01celine01celine 01celine01celine01celine01 celine01celine01celine01celine01 celine01celine01celine01celine01celine01celine01celine01celine01celine01celine01@tes...</msg>
<arg>${lONG_INVALID_EMAIL}</arg>
<doc>Makes a variable available globally in all tests and suites.</doc>
<status status="PASS" start="2025-02-23T22:02:44.485860" elapsed="0.000000"/>
</kw>
<status status="PASS" start="2025-02-23T22:02:44.480860" elapsed="0.005000"/>
</kw>
<kw name="Sentence" owner="FakerLibrary">
<msg time="2025-02-23T22:02:44.486860" level="INFO">${NAME} = But learn seven including necessary benefit truth individual people scientist laugh any maybe physical compare debate knowledge thank scene present well he factor worker back likely mean ball really c...</msg>
<var>${NAME}</var>
<arg>nb_words=65</arg>
<doc>Generate a sentence.</doc>
<status status="PASS" start="2025-02-23T22:02:44.486860" elapsed="0.000000"/>
</kw>
<kw name="Email" owner="FakerLibrary">
<msg time="2025-02-23T22:02:44.486860" level="INFO">${EMAIL} = patriciamcintosh@example.com</msg>
<var>${EMAIL}</var>
<status status="PASS" start="2025-02-23T22:02:44.486860" elapsed="0.000000"/>
</kw>
<kw name="Create Dictionary" owner="BuiltIn">
<msg time="2025-02-23T22:02:44.487860" level="INFO">${EXPECTED_ERROR} = {'field': 'name', 'message': 'is too long (maximum is 200 characters)'}</msg>
<var>${EXPECTED_ERROR}</var>
<arg>field=name</arg>
<arg>message=is too long (maximum is 200 characters)</arg>
<doc>Creates and returns a dictionary based on the given ``items``.</doc>
<status status="PASS" start="2025-02-23T22:02:44.486860" elapsed="0.001000"/>
</kw>
<kw name="Validate Create New User With Invalid Value" owner="createuser">
<kw name="Create New User" owner="createuser">
<kw name="Create Dictionary" owner="BuiltIn">
<msg time="2025-02-23T22:02:44.487860" level="INFO">${headers} = {'Accept': 'application/json', 'Content-Type': 'application/json', 'Authorization': 'Bearer 85ed37ec93fe784056f522ad209f6c1bbaf23f29ef836e5622785b108e42f076'}</msg>
<var>${headers}</var>
<arg>Accept=${ACCEPT}</arg>
<arg>Content-Type=${CONTENT_TYPE}</arg>
<arg>Authorization=Bearer ${BEARER_TOKEN}</arg>
<doc>Creates and returns a dictionary based on the given ``items``.</doc>
<status status="PASS" start="2025-02-23T22:02:44.487860" elapsed="0.000000"/>
</kw>
<kw name="Create Dictionary" owner="BuiltIn">
<msg time="2025-02-23T22:02:44.488861" level="INFO">${PAYLOAD} = {'name': 'But learn seven including necessary benefit truth individual people scientist laugh any maybe physical compare debate knowledge thank scene present well he factor worker back likely mean bal...</msg>
<var>${PAYLOAD}</var>
<arg>name=${name}</arg>
<arg>gender=${gender}</arg>
<arg>email=${email}</arg>
<arg>status=${status}</arg>
<doc>Creates and returns a dictionary based on the given ``items``.</doc>
<status status="PASS" start="2025-02-23T22:02:44.487860" elapsed="0.001001"/>
</kw>
<kw name="POST" owner="RequestsLibrary">
<msg time="2025-02-23T22:02:44.857951" level="INFO">POST Request : url=https://gorest.co.in/public/v2/users/ 
 path_url=/public/v2/users/ 
 headers={'User-Agent': 'python-requests/2.32.3', 'Accept-Encoding': 'gzip, deflate', 'Accept': 'application/json', 'Connection': 'keep-alive', 'Content-Type': 'application/json', 'Authorization': 'Bearer 85ed37ec93fe784056f522ad209f6c1bbaf23f29ef836e5622785b108e42f076', 'Content-Length': '374'} 
 body=b'{"name": "But learn seven including necessary benefit truth individual people scientist laugh any maybe physical compare debate knowledge thank scene present well he factor worker back likely mean ball really coach four pull dinner action appear act her interview voice notice a group water.", "gender": "female", "email": "patriciamcintosh@example.com", "status": "active"}' 
 </msg>
<msg time="2025-02-23T22:02:44.857951" level="INFO">POST Response : url=https://gorest.co.in/public/v2/users/ 
 status=422, reason=Unprocessable Entity 
 headers={'Date': 'Sun, 23 Feb 2025 15:02:44 GMT', 'Content-Type': 'application/json; charset=utf-8', 'Content-Length': '70', 'Connection': 'keep-alive', 'Cache-Control': 'no-cache', 'feature-policy': "camera 'none'; gyroscope 'none'; microphone 'none'; usb 'none'; fullscreen 'self'", 'referrer-policy': 'strict-origin-when-cross-origin', 'vary': 'Origin', 'x-content-type-options': 'nosniff', 'x-download-options': 'noopen', 'x-frame-options': 'SAMEORIGIN', 'x-permitted-cross-domain-policies': 'none', 'x-ratelimit-limit': '90', 'x-ratelimit-remaining': '89', 'x-ratelimit-reset': '1', 'x-request-id': '495e203d-1dad-4462-9203-dc205176ba43', 'x-runtime': '0.187633', 'x-xss-protection': '0', 'cf-cache-status': 'DYNAMIC', 'Report-To': '{"endpoints":[{"url":"https:\\/\\/a.nel.cloudflare.com\\/report\\/v4?s=VhBp7aNrwdtnsJEYGJaktu75NeYJn7QmNqwwi9bZM%2FKmjr7BHJ9GMt7PrSXgotpx9TcUsOkAyA96rvDsDsMiIssuEMmWKWUE7mdkNNUAW2xAw8K4Ac%2BBmRGMwv8yT%2BkW%2BvL7JsK84gQZ%2BVY%3D"}],"group":"cf-nel","max_age":604800}', 'NEL': '{"success_fraction":0,"report_to":"cf-nel","max_age":604800}', 'Server': 'cloudflare', 'CF-RAY': '9168193fdda9ee38-CGK', 'alt-svc': 'h3=":443"; ma=86400', 'server-timing': 'cfL4;desc="?proto=TCP&amp;rtt=0&amp;min_rtt=0&amp;rtt_var=0&amp;sent=0&amp;recv=0&amp;lost=0&amp;retrans=0&amp;sent_bytes=0&amp;recv_bytes=0&amp;delivery_rate=0&amp;cwnd=0&amp;unsent_bytes=0&amp;cid=878368fca6030f2c&amp;ts=322&amp;x=0"'} 
 body=[{"field":"name","message":"is too long (maximum is 200 characters)"}] 
 </msg>
<msg time="2025-02-23T22:02:44.857951" level="INFO">${response} = &lt;Response [422]&gt;</msg>
<var>${response}</var>
<arg>${BASE_URL}</arg>
<arg>json=${PAYLOAD}</arg>
<arg>headers=${headers}</arg>
<arg>expected_status=any</arg>
<doc>Sends a POST request.</doc>
<status status="PASS" start="2025-02-23T22:02:44.488861" elapsed="0.369090"/>
</kw>
<return>
<value>${response.status_code}</value>
<value>${response.json()}</value>
<status status="PASS" start="2025-02-23T22:02:44.857951" elapsed="0.000000"/>
</return>
<msg time="2025-02-23T22:02:44.858976" level="INFO">${status_code} = 422</msg>
<msg time="2025-02-23T22:02:44.858976" level="INFO">${response_body} = [{'field': 'name', 'message': 'is too long (maximum is 200 characters)'}]</msg>
<var>${status_code}</var>
<var>${response_body}</var>
<arg>${name}</arg>
<arg>${gender}</arg>
<arg>${email}</arg>
<arg>${status}</arg>
<status status="PASS" start="2025-02-23T22:02:44.487860" elapsed="0.371116"/>
</kw>
<kw name="Should Be Equal As Numbers" owner="BuiltIn">
<msg time="2025-02-23T22:02:44.858976" level="INFO">Argument types are:
&lt;class 'int'&gt;
&lt;class 'str'&gt;</msg>
<arg>${status_code}</arg>
<arg>${expected_status_code}</arg>
<doc>Fails if objects are unequal after converting them to real numbers.</doc>
<status status="PASS" start="2025-02-23T22:02:44.858976" elapsed="0.000000"/>
</kw>
<kw name="Should Be Equal As Strings" owner="BuiltIn">
<arg>${response_body[0]["field"]}</arg>
<arg>${expected_error["field"]}</arg>
<doc>Fails if objects are unequal after converting them to strings.</doc>
<status status="PASS" start="2025-02-23T22:02:44.858976" elapsed="0.001000"/>
</kw>
<kw name="Should Be Equal As Strings" owner="BuiltIn">
<arg>${response_body[0]["message"]}</arg>
<arg>${expected_error["message"]}</arg>
<doc>Fails if objects are unequal after converting them to strings.</doc>
<status status="PASS" start="2025-02-23T22:02:44.859976" elapsed="0.000000"/>
</kw>
<arg>${NAME}</arg>
<arg>female</arg>
<arg>${EMAIL}</arg>
<arg>active</arg>
<arg>422</arg>
<arg>${EXPECTED_ERROR}</arg>
<status status="PASS" start="2025-02-23T22:02:44.487860" elapsed="0.372116"/>
</kw>
<status status="PASS" start="2025-02-23T22:02:44.480860" elapsed="0.379116"/>
</test>
<test id="s1-s1-t4" name="API POST Create User With Empty Gender Returns 422 UNPROCESSABLE ENTITY" line="25">
<kw name="Set Environment Variables" owner="variables" type="SETUP">
<kw name="Get Env" owner="EnvLoader">
<msg time="2025-02-23T22:02:44.862976" level="INFO">${BASE_URL} = https://gorest.co.in/public/v2/users/</msg>
<var>${BASE_URL}</var>
<arg>BASE_URL</arg>
<status status="PASS" start="2025-02-23T22:02:44.860976" elapsed="0.002000"/>
</kw>
<kw name="Get Env" owner="EnvLoader">
<msg time="2025-02-23T22:02:44.862976" level="INFO">${BEARER_TOKEN} = 85ed37ec93fe784056f522ad209f6c1bbaf23f29ef836e5622785b108e42f076</msg>
<var>${BEARER_TOKEN}</var>
<arg>BEARER_TOKEN</arg>
<status status="PASS" start="2025-02-23T22:02:44.862976" elapsed="0.000000"/>
</kw>
<kw name="Get Env" owner="EnvLoader">
<msg time="2025-02-23T22:02:44.862976" level="INFO">${ACCEPT} = application/json</msg>
<var>${ACCEPT}</var>
<arg>ACCEPT</arg>
<status status="PASS" start="2025-02-23T22:02:44.862976" elapsed="0.000000"/>
</kw>
<kw name="Get Env" owner="EnvLoader">
<msg time="2025-02-23T22:02:44.862976" level="INFO">${CONTENT_TYPE} = application/json</msg>
<var>${CONTENT_TYPE}</var>
<arg>CONTENT_TYPE</arg>
<status status="PASS" start="2025-02-23T22:02:44.862976" elapsed="0.000000"/>
</kw>
<kw name="Get Env" owner="EnvLoader">
<msg time="2025-02-23T22:02:44.863978" level="INFO">${USER_ID} = 7716191</msg>
<var>${USER_ID}</var>
<arg>USER_ID</arg>
<status status="PASS" start="2025-02-23T22:02:44.862976" elapsed="0.001002"/>
</kw>
<kw name="Get Env" owner="EnvLoader">
<msg time="2025-02-23T22:02:44.863978" level="INFO">${USER_ID2} = 7716201</msg>
<var>${USER_ID2}</var>
<arg>USER_ID2</arg>
<status status="PASS" start="2025-02-23T22:02:44.863978" elapsed="0.000000"/>
</kw>
<kw name="Get Env" owner="EnvLoader">
<msg time="2025-02-23T22:02:44.863978" level="INFO">${NON_NUMERIC_ID} = test</msg>
<var>${NON_NUMERIC_ID}</var>
<arg>NON_NUMERIC_ID</arg>
<status status="PASS" start="2025-02-23T22:02:44.863978" elapsed="0.000000"/>
</kw>
<kw name="Get Env" owner="EnvLoader">
<msg time="2025-02-23T22:02:44.863978" level="INFO">${USER_NOT_FOUND_ID} = 83764234234</msg>
<var>${USER_NOT_FOUND_ID}</var>
<arg>USER_NOT_FOUND_ID</arg>
<status status="PASS" start="2025-02-23T22:02:44.863978" elapsed="0.000000"/>
</kw>
<kw name="Get Env" owner="EnvLoader">
<msg time="2025-02-23T22:02:44.863978" level="INFO">${INVALID_TOKEN} = 8716298476192763401640178263</msg>
<var>${INVALID_TOKEN}</var>
<arg>INVALID_TOKEN</arg>
<status status="PASS" start="2025-02-23T22:02:44.863978" elapsed="0.000000"/>
</kw>
<kw name="Get Env" owner="EnvLoader">
<msg time="2025-02-23T22:02:44.864976" level="INFO">${REGISTERED_EMAIL} = Hall@test.com</msg>
<var>${REGISTERED_EMAIL}</var>
<arg>REGISTERED_EMAIL</arg>
<status status="PASS" start="2025-02-23T22:02:44.863978" elapsed="0.000998"/>
</kw>
<kw name="Get Env" owner="EnvLoader">
<msg time="2025-02-23T22:02:44.864976" level="INFO">${INVALID_EMAIL} = invalid-email-format</msg>
<var>${INVALID_EMAIL}</var>
<arg>INVALID_EMAIL</arg>
<status status="PASS" start="2025-02-23T22:02:44.864976" elapsed="0.000000"/>
</kw>
<kw name="Get Env" owner="EnvLoader">
<msg time="2025-02-23T22:02:44.864976" level="INFO">${LONG_EMAIL} = celine01celine01celine01celine01celine01celine01celine01celine01celine01celine01celine01celine01celine01celine01celine01celine01celine01celine01celine01celine01celine01celine01celine01celine01@test.co...</msg>
<var>${LONG_EMAIL}</var>
<arg>LONG_EMAIL</arg>
<status status="PASS" start="2025-02-23T22:02:44.864976" elapsed="0.000000"/>
</kw>
<kw name="Get Env" owner="EnvLoader">
<msg time="2025-02-23T22:02:44.864976" level="INFO">${lONG_INVALID_EMAIL} = celine01celine01celine01 celine01celine01celine01celine 01celine01celine01celine01 celine01celine01celine01celine01 celine01celine01celine01celine01celine01celine01celine01celine01celine01celine01@tes...</msg>
<var>${lONG_INVALID_EMAIL}</var>
<arg>lONG_INVALID_EMAIL</arg>
<status status="PASS" start="2025-02-23T22:02:44.864976" elapsed="0.000000"/>
</kw>
<kw name="Set Global Variable" owner="BuiltIn">
<msg time="2025-02-23T22:02:44.864976" level="INFO">${BASE_URL} = https://gorest.co.in/public/v2/users/</msg>
<arg>${BASE_URL}</arg>
<doc>Makes a variable available globally in all tests and suites.</doc>
<status status="PASS" start="2025-02-23T22:02:44.864976" elapsed="0.000000"/>
</kw>
<kw name="Set Global Variable" owner="BuiltIn">
<msg time="2025-02-23T22:02:44.864976" level="INFO">${BEARER_TOKEN} = 85ed37ec93fe784056f522ad209f6c1bbaf23f29ef836e5622785b108e42f076</msg>
<arg>${BEARER_TOKEN}</arg>
<doc>Makes a variable available globally in all tests and suites.</doc>
<status status="PASS" start="2025-02-23T22:02:44.864976" elapsed="0.000000"/>
</kw>
<kw name="Set Global Variable" owner="BuiltIn">
<msg time="2025-02-23T22:02:44.864976" level="INFO">${ACCEPT} = application/json</msg>
<arg>${ACCEPT}</arg>
<doc>Makes a variable available globally in all tests and suites.</doc>
<status status="PASS" start="2025-02-23T22:02:44.864976" elapsed="0.000000"/>
</kw>
<kw name="Set Global Variable" owner="BuiltIn">
<msg time="2025-02-23T22:02:44.864976" level="INFO">${CONTENT_TYPE} = application/json</msg>
<arg>${CONTENT_TYPE}</arg>
<doc>Makes a variable available globally in all tests and suites.</doc>
<status status="PASS" start="2025-02-23T22:02:44.864976" elapsed="0.000000"/>
</kw>
<kw name="Set Global Variable" owner="BuiltIn">
<msg time="2025-02-23T22:02:44.865975" level="INFO">${USER_ID} = 7716191</msg>
<arg>${USER_ID}</arg>
<doc>Makes a variable available globally in all tests and suites.</doc>
<status status="PASS" start="2025-02-23T22:02:44.864976" elapsed="0.000999"/>
</kw>
<kw name="Set Global Variable" owner="BuiltIn">
<msg time="2025-02-23T22:02:44.865975" level="INFO">${USER_ID2} = 7716201</msg>
<arg>${USER_ID2}</arg>
<doc>Makes a variable available globally in all tests and suites.</doc>
<status status="PASS" start="2025-02-23T22:02:44.865975" elapsed="0.000000"/>
</kw>
<kw name="Set Global Variable" owner="BuiltIn">
<msg time="2025-02-23T22:02:44.865975" level="INFO">${NON_NUMERIC_ID} = test</msg>
<arg>${NON_NUMERIC_ID}</arg>
<doc>Makes a variable available globally in all tests and suites.</doc>
<status status="PASS" start="2025-02-23T22:02:44.865975" elapsed="0.000000"/>
</kw>
<kw name="Set Global Variable" owner="BuiltIn">
<msg time="2025-02-23T22:02:44.865975" level="INFO">${USER_NOT_FOUND_ID} = 83764234234</msg>
<arg>${USER_NOT_FOUND_ID}</arg>
<doc>Makes a variable available globally in all tests and suites.</doc>
<status status="PASS" start="2025-02-23T22:02:44.865975" elapsed="0.000000"/>
</kw>
<kw name="Set Global Variable" owner="BuiltIn">
<msg time="2025-02-23T22:02:44.865975" level="INFO">${INVALID_TOKEN} = 8716298476192763401640178263</msg>
<arg>${INVALID_TOKEN}</arg>
<doc>Makes a variable available globally in all tests and suites.</doc>
<status status="PASS" start="2025-02-23T22:02:44.865975" elapsed="0.000000"/>
</kw>
<kw name="Set Global Variable" owner="BuiltIn">
<msg time="2025-02-23T22:02:44.865975" level="INFO">${REGISTERED_EMAIL} = Hall@test.com</msg>
<arg>${REGISTERED_EMAIL}</arg>
<doc>Makes a variable available globally in all tests and suites.</doc>
<status status="PASS" start="2025-02-23T22:02:44.865975" elapsed="0.000000"/>
</kw>
<kw name="Set Global Variable" owner="BuiltIn">
<msg time="2025-02-23T22:02:44.866976" level="INFO">${INVALID_EMAIL} = invalid-email-format</msg>
<arg>${INVALID_EMAIL}</arg>
<doc>Makes a variable available globally in all tests and suites.</doc>
<status status="PASS" start="2025-02-23T22:02:44.865975" elapsed="0.001001"/>
</kw>
<kw name="Set Global Variable" owner="BuiltIn">
<msg time="2025-02-23T22:02:44.866976" level="INFO">${LONG_EMAIL} = celine01celine01celine01celine01celine01celine01celine01celine01celine01celine01celine01celine01celine01celine01celine01celine01celine01celine01celine01celine01celine01celine01celine01celine01@test.co...</msg>
<arg>${LONG_EMAIL}</arg>
<doc>Makes a variable available globally in all tests and suites.</doc>
<status status="PASS" start="2025-02-23T22:02:44.866976" elapsed="0.000000"/>
</kw>
<kw name="Set Global Variable" owner="BuiltIn">
<msg time="2025-02-23T22:02:44.866976" level="INFO">${lONG_INVALID_EMAIL} = celine01celine01celine01 celine01celine01celine01celine 01celine01celine01celine01 celine01celine01celine01celine01 celine01celine01celine01celine01celine01celine01celine01celine01celine01celine01@tes...</msg>
<arg>${lONG_INVALID_EMAIL}</arg>
<doc>Makes a variable available globally in all tests and suites.</doc>
<status status="PASS" start="2025-02-23T22:02:44.866976" elapsed="0.000000"/>
</kw>
<status status="PASS" start="2025-02-23T22:02:44.860976" elapsed="0.006000"/>
</kw>
<kw name="First Name Female" owner="FakerLibrary">
<msg time="2025-02-23T22:02:44.866976" level="INFO">${NAME} = Diana</msg>
<var>${NAME}</var>
<status status="PASS" start="2025-02-23T22:02:44.866976" elapsed="0.000000"/>
</kw>
<kw name="Email" owner="FakerLibrary">
<msg time="2025-02-23T22:02:44.867980" level="INFO">${EMAIL} = sbarker@example.net</msg>
<var>${EMAIL}</var>
<status status="PASS" start="2025-02-23T22:02:44.867980" elapsed="0.000000"/>
</kw>
<kw name="Create Dictionary" owner="BuiltIn">
<msg time="2025-02-23T22:02:44.867980" level="INFO">${EXPECTED_ERROR} = {'field': 'gender', 'message': "can't be blank, can be male of female"}</msg>
<var>${EXPECTED_ERROR}</var>
<arg>field=gender</arg>
<arg>message=can't be blank, can be male of female</arg>
<doc>Creates and returns a dictionary based on the given ``items``.</doc>
<status status="PASS" start="2025-02-23T22:02:44.867980" elapsed="0.000000"/>
</kw>
<kw name="Validate Create New User With Invalid Value" owner="createuser">
<kw name="Create New User" owner="createuser">
<kw name="Create Dictionary" owner="BuiltIn">
<msg time="2025-02-23T22:02:44.868976" level="INFO">${headers} = {'Accept': 'application/json', 'Content-Type': 'application/json', 'Authorization': 'Bearer 85ed37ec93fe784056f522ad209f6c1bbaf23f29ef836e5622785b108e42f076'}</msg>
<var>${headers}</var>
<arg>Accept=${ACCEPT}</arg>
<arg>Content-Type=${CONTENT_TYPE}</arg>
<arg>Authorization=Bearer ${BEARER_TOKEN}</arg>
<doc>Creates and returns a dictionary based on the given ``items``.</doc>
<status status="PASS" start="2025-02-23T22:02:44.868976" elapsed="0.000000"/>
</kw>
<kw name="Create Dictionary" owner="BuiltIn">
<msg time="2025-02-23T22:02:44.868976" level="INFO">${PAYLOAD} = {'name': 'Diana', 'gender': '', 'email': 'sbarker@example.net', 'status': 'active'}</msg>
<var>${PAYLOAD}</var>
<arg>name=${name}</arg>
<arg>gender=${gender}</arg>
<arg>email=${email}</arg>
<arg>status=${status}</arg>
<doc>Creates and returns a dictionary based on the given ``items``.</doc>
<status status="PASS" start="2025-02-23T22:02:44.868976" elapsed="0.000000"/>
</kw>
<kw name="POST" owner="RequestsLibrary">
<msg time="2025-02-23T22:02:45.537195" level="INFO">POST Request : url=https://gorest.co.in/public/v2/users/ 
 path_url=/public/v2/users/ 
 headers={'User-Agent': 'python-requests/2.32.3', 'Accept-Encoding': 'gzip, deflate', 'Accept': 'application/json', 'Connection': 'keep-alive', 'Content-Type': 'application/json', 'Authorization': 'Bearer 85ed37ec93fe784056f522ad209f6c1bbaf23f29ef836e5622785b108e42f076', 'Content-Length': '83'} 
 body=b'{"name": "Diana", "gender": "", "email": "sbarker@example.net", "status": "active"}' 
 </msg>
<msg time="2025-02-23T22:02:45.537195" level="INFO">POST Response : url=https://gorest.co.in/public/v2/users/ 
 status=422, reason=Unprocessable Entity 
 headers={'Date': 'Sun, 23 Feb 2025 15:02:45 GMT', 'Content-Type': 'application/json; charset=utf-8', 'Content-Length': '70', 'Connection': 'keep-alive', 'Cache-Control': 'no-cache', 'feature-policy': "camera 'none'; gyroscope 'none'; microphone 'none'; usb 'none'; fullscreen 'self'", 'referrer-policy': 'strict-origin-when-cross-origin', 'vary': 'Origin', 'x-content-type-options': 'nosniff', 'x-download-options': 'noopen', 'x-frame-options': 'SAMEORIGIN', 'x-permitted-cross-domain-policies': 'none', 'x-ratelimit-limit': '90', 'x-ratelimit-remaining': '89', 'x-ratelimit-reset': '2', 'x-request-id': 'c0140e99-1d80-41e7-9bb9-95a09dbdff83', 'x-runtime': '0.413995', 'x-xss-protection': '0', 'cf-cache-status': 'DYNAMIC', 'Report-To': '{"endpoints":[{"url":"https:\\/\\/a.nel.cloudflare.com\\/report\\/v4?s=YaekudLhxqWEBVajX5bmfWphirVN9gaetC8p172kb3P9euZlg1A3iRq%2BjasxQ2EN2ehXooQzheqThFkOcBGRiWRrJhJJFziI8644rk%2Fb0a9Z9DzybhT%2Fx1ncOCZAtq5MZjRcn4e8is3HNM4%3D"}],"group":"cf-nel","max_age":604800}', 'NEL': '{"success_fraction":0,"report_to":"cf-nel","max_age":604800}', 'Server': 'cloudflare', 'CF-RAY': '91681941fbfcee38-CGK', 'alt-svc': 'h3=":443"; ma=86400', 'server-timing': 'cfL4;desc="?proto=TCP&amp;rtt=0&amp;min_rtt=0&amp;rtt_var=0&amp;sent=0&amp;recv=0&amp;lost=0&amp;retrans=0&amp;sent_bytes=0&amp;recv_bytes=0&amp;delivery_rate=0&amp;cwnd=0&amp;unsent_bytes=0&amp;cid=53b250a64ec2c427&amp;ts=651&amp;x=0"'} 
 body=[{"field":"gender","message":"can't be blank, can be male of female"}] 
 </msg>
<msg time="2025-02-23T22:02:45.537195" level="INFO">${response} = &lt;Response [422]&gt;</msg>
<var>${response}</var>
<arg>${BASE_URL}</arg>
<arg>json=${PAYLOAD}</arg>
<arg>headers=${headers}</arg>
<arg>expected_status=any</arg>
<doc>Sends a POST request.</doc>
<status status="PASS" start="2025-02-23T22:02:44.869975" elapsed="0.667220"/>
</kw>
<return>
<value>${response.status_code}</value>
<value>${response.json()}</value>
<status status="PASS" start="2025-02-23T22:02:45.538194" elapsed="0.000000"/>
</return>
<msg time="2025-02-23T22:02:45.538194" level="INFO">${status_code} = 422</msg>
<msg time="2025-02-23T22:02:45.538194" level="INFO">${response_body} = [{'field': 'gender', 'message': "can't be blank, can be male of female"}]</msg>
<var>${status_code}</var>
<var>${response_body}</var>
<arg>${name}</arg>
<arg>${gender}</arg>
<arg>${email}</arg>
<arg>${status}</arg>
<status status="PASS" start="2025-02-23T22:02:44.868976" elapsed="0.669218"/>
</kw>
<kw name="Should Be Equal As Numbers" owner="BuiltIn">
<msg time="2025-02-23T22:02:45.538194" level="INFO">Argument types are:
&lt;class 'int'&gt;
&lt;class 'str'&gt;</msg>
<arg>${status_code}</arg>
<arg>${expected_status_code}</arg>
<doc>Fails if objects are unequal after converting them to real numbers.</doc>
<status status="PASS" start="2025-02-23T22:02:45.538194" elapsed="0.001000"/>
</kw>
<kw name="Should Be Equal As Strings" owner="BuiltIn">
<arg>${response_body[0]["field"]}</arg>
<arg>${expected_error["field"]}</arg>
<doc>Fails if objects are unequal after converting them to strings.</doc>
<status status="PASS" start="2025-02-23T22:02:45.539194" elapsed="0.000000"/>
</kw>
<kw name="Should Be Equal As Strings" owner="BuiltIn">
<arg>${response_body[0]["message"]}</arg>
<arg>${expected_error["message"]}</arg>
<doc>Fails if objects are unequal after converting them to strings.</doc>
<status status="PASS" start="2025-02-23T22:02:45.539194" elapsed="0.000000"/>
</kw>
<arg>${NAME}</arg>
<arg>${EMPTY}</arg>
<arg>${EMAIL}</arg>
<arg>active</arg>
<arg>422</arg>
<arg>${EXPECTED_ERROR}</arg>
<status status="PASS" start="2025-02-23T22:02:44.867980" elapsed="0.671214"/>
</kw>
<status status="PASS" start="2025-02-23T22:02:44.860976" elapsed="0.679218"/>
</test>
<test id="s1-s1-t5" name="API POST Create User With Other Gender Returns 422 UNPROCESSABLE ENTITY" line="31">
<kw name="Set Environment Variables" owner="variables" type="SETUP">
<kw name="Get Env" owner="EnvLoader">
<msg time="2025-02-23T22:02:45.543197" level="INFO">${BASE_URL} = https://gorest.co.in/public/v2/users/</msg>
<var>${BASE_URL}</var>
<arg>BASE_URL</arg>
<status status="PASS" start="2025-02-23T22:02:45.541197" elapsed="0.002000"/>
</kw>
<kw name="Get Env" owner="EnvLoader">
<msg time="2025-02-23T22:02:45.543197" level="INFO">${BEARER_TOKEN} = 85ed37ec93fe784056f522ad209f6c1bbaf23f29ef836e5622785b108e42f076</msg>
<var>${BEARER_TOKEN}</var>
<arg>BEARER_TOKEN</arg>
<status status="PASS" start="2025-02-23T22:02:45.543197" elapsed="0.000000"/>
</kw>
<kw name="Get Env" owner="EnvLoader">
<msg time="2025-02-23T22:02:45.544196" level="INFO">${ACCEPT} = application/json</msg>
<var>${ACCEPT}</var>
<arg>ACCEPT</arg>
<status status="PASS" start="2025-02-23T22:02:45.543197" elapsed="0.000999"/>
</kw>
<kw name="Get Env" owner="EnvLoader">
<msg time="2025-02-23T22:02:45.544196" level="INFO">${CONTENT_TYPE} = application/json</msg>
<var>${CONTENT_TYPE}</var>
<arg>CONTENT_TYPE</arg>
<status status="PASS" start="2025-02-23T22:02:45.544196" elapsed="0.000000"/>
</kw>
<kw name="Get Env" owner="EnvLoader">
<msg time="2025-02-23T22:02:45.544196" level="INFO">${USER_ID} = 7716191</msg>
<var>${USER_ID}</var>
<arg>USER_ID</arg>
<status status="PASS" start="2025-02-23T22:02:45.544196" elapsed="0.000000"/>
</kw>
<kw name="Get Env" owner="EnvLoader">
<msg time="2025-02-23T22:02:45.544196" level="INFO">${USER_ID2} = 7716201</msg>
<var>${USER_ID2}</var>
<arg>USER_ID2</arg>
<status status="PASS" start="2025-02-23T22:02:45.544196" elapsed="0.000000"/>
</kw>
<kw name="Get Env" owner="EnvLoader">
<msg time="2025-02-23T22:02:45.544196" level="INFO">${NON_NUMERIC_ID} = test</msg>
<var>${NON_NUMERIC_ID}</var>
<arg>NON_NUMERIC_ID</arg>
<status status="PASS" start="2025-02-23T22:02:45.544196" elapsed="0.000000"/>
</kw>
<kw name="Get Env" owner="EnvLoader">
<msg time="2025-02-23T22:02:45.545194" level="INFO">${USER_NOT_FOUND_ID} = 83764234234</msg>
<var>${USER_NOT_FOUND_ID}</var>
<arg>USER_NOT_FOUND_ID</arg>
<status status="PASS" start="2025-02-23T22:02:45.544196" elapsed="0.000998"/>
</kw>
<kw name="Get Env" owner="EnvLoader">
<msg time="2025-02-23T22:02:45.545194" level="INFO">${INVALID_TOKEN} = 8716298476192763401640178263</msg>
<var>${INVALID_TOKEN}</var>
<arg>INVALID_TOKEN</arg>
<status status="PASS" start="2025-02-23T22:02:45.545194" elapsed="0.000000"/>
</kw>
<kw name="Get Env" owner="EnvLoader">
<msg time="2025-02-23T22:02:45.545194" level="INFO">${REGISTERED_EMAIL} = Hall@test.com</msg>
<var>${REGISTERED_EMAIL}</var>
<arg>REGISTERED_EMAIL</arg>
<status status="PASS" start="2025-02-23T22:02:45.545194" elapsed="0.000000"/>
</kw>
<kw name="Get Env" owner="EnvLoader">
<msg time="2025-02-23T22:02:45.545194" level="INFO">${INVALID_EMAIL} = invalid-email-format</msg>
<var>${INVALID_EMAIL}</var>
<arg>INVALID_EMAIL</arg>
<status status="PASS" start="2025-02-23T22:02:45.545194" elapsed="0.000000"/>
</kw>
<kw name="Get Env" owner="EnvLoader">
<msg time="2025-02-23T22:02:45.545194" level="INFO">${LONG_EMAIL} = celine01celine01celine01celine01celine01celine01celine01celine01celine01celine01celine01celine01celine01celine01celine01celine01celine01celine01celine01celine01celine01celine01celine01celine01@test.co...</msg>
<var>${LONG_EMAIL}</var>
<arg>LONG_EMAIL</arg>
<status status="PASS" start="2025-02-23T22:02:45.545194" elapsed="0.000000"/>
</kw>
<kw name="Get Env" owner="EnvLoader">
<msg time="2025-02-23T22:02:45.545194" level="INFO">${lONG_INVALID_EMAIL} = celine01celine01celine01 celine01celine01celine01celine 01celine01celine01celine01 celine01celine01celine01celine01 celine01celine01celine01celine01celine01celine01celine01celine01celine01celine01@tes...</msg>
<var>${lONG_INVALID_EMAIL}</var>
<arg>lONG_INVALID_EMAIL</arg>
<status status="PASS" start="2025-02-23T22:02:45.545194" elapsed="0.000000"/>
</kw>
<kw name="Set Global Variable" owner="BuiltIn">
<msg time="2025-02-23T22:02:45.545194" level="INFO">${BASE_URL} = https://gorest.co.in/public/v2/users/</msg>
<arg>${BASE_URL}</arg>
<doc>Makes a variable available globally in all tests and suites.</doc>
<status status="PASS" start="2025-02-23T22:02:45.545194" elapsed="0.000000"/>
</kw>
<kw name="Set Global Variable" owner="BuiltIn">
<msg time="2025-02-23T22:02:45.546195" level="INFO">${BEARER_TOKEN} = 85ed37ec93fe784056f522ad209f6c1bbaf23f29ef836e5622785b108e42f076</msg>
<arg>${BEARER_TOKEN}</arg>
<doc>Makes a variable available globally in all tests and suites.</doc>
<status status="PASS" start="2025-02-23T22:02:45.546195" elapsed="0.000000"/>
</kw>
<kw name="Set Global Variable" owner="BuiltIn">
<msg time="2025-02-23T22:02:45.546195" level="INFO">${ACCEPT} = application/json</msg>
<arg>${ACCEPT}</arg>
<doc>Makes a variable available globally in all tests and suites.</doc>
<status status="PASS" start="2025-02-23T22:02:45.546195" elapsed="0.000000"/>
</kw>
<kw name="Set Global Variable" owner="BuiltIn">
<msg time="2025-02-23T22:02:45.546195" level="INFO">${CONTENT_TYPE} = application/json</msg>
<arg>${CONTENT_TYPE}</arg>
<doc>Makes a variable available globally in all tests and suites.</doc>
<status status="PASS" start="2025-02-23T22:02:45.546195" elapsed="0.000000"/>
</kw>
<kw name="Set Global Variable" owner="BuiltIn">
<msg time="2025-02-23T22:02:45.547199" level="INFO">${USER_ID} = 7716191</msg>
<arg>${USER_ID}</arg>
<doc>Makes a variable available globally in all tests and suites.</doc>
<status status="PASS" start="2025-02-23T22:02:45.546195" elapsed="0.001004"/>
</kw>
<kw name="Set Global Variable" owner="BuiltIn">
<msg time="2025-02-23T22:02:45.547199" level="INFO">${USER_ID2} = 7716201</msg>
<arg>${USER_ID2}</arg>
<doc>Makes a variable available globally in all tests and suites.</doc>
<status status="PASS" start="2025-02-23T22:02:45.547199" elapsed="0.000000"/>
</kw>
<kw name="Set Global Variable" owner="BuiltIn">
<msg time="2025-02-23T22:02:45.547199" level="INFO">${NON_NUMERIC_ID} = test</msg>
<arg>${NON_NUMERIC_ID}</arg>
<doc>Makes a variable available globally in all tests and suites.</doc>
<status status="PASS" start="2025-02-23T22:02:45.547199" elapsed="0.000000"/>
</kw>
<kw name="Set Global Variable" owner="BuiltIn">
<msg time="2025-02-23T22:02:45.547199" level="INFO">${USER_NOT_FOUND_ID} = 83764234234</msg>
<arg>${USER_NOT_FOUND_ID}</arg>
<doc>Makes a variable available globally in all tests and suites.</doc>
<status status="PASS" start="2025-02-23T22:02:45.547199" elapsed="0.000000"/>
</kw>
<kw name="Set Global Variable" owner="BuiltIn">
<msg time="2025-02-23T22:02:45.548196" level="INFO">${INVALID_TOKEN} = 8716298476192763401640178263</msg>
<arg>${INVALID_TOKEN}</arg>
<doc>Makes a variable available globally in all tests and suites.</doc>
<status status="PASS" start="2025-02-23T22:02:45.547199" elapsed="0.000997"/>
</kw>
<kw name="Set Global Variable" owner="BuiltIn">
<msg time="2025-02-23T22:02:45.548196" level="INFO">${REGISTERED_EMAIL} = Hall@test.com</msg>
<arg>${REGISTERED_EMAIL}</arg>
<doc>Makes a variable available globally in all tests and suites.</doc>
<status status="PASS" start="2025-02-23T22:02:45.548196" elapsed="0.000000"/>
</kw>
<kw name="Set Global Variable" owner="BuiltIn">
<msg time="2025-02-23T22:02:45.548196" level="INFO">${INVALID_EMAIL} = invalid-email-format</msg>
<arg>${INVALID_EMAIL}</arg>
<doc>Makes a variable available globally in all tests and suites.</doc>
<status status="PASS" start="2025-02-23T22:02:45.548196" elapsed="0.000000"/>
</kw>
<kw name="Set Global Variable" owner="BuiltIn">
<msg time="2025-02-23T22:02:45.548196" level="INFO">${LONG_EMAIL} = celine01celine01celine01celine01celine01celine01celine01celine01celine01celine01celine01celine01celine01celine01celine01celine01celine01celine01celine01celine01celine01celine01celine01celine01@test.co...</msg>
<arg>${LONG_EMAIL}</arg>
<doc>Makes a variable available globally in all tests and suites.</doc>
<status status="PASS" start="2025-02-23T22:02:45.548196" elapsed="0.000000"/>
</kw>
<kw name="Set Global Variable" owner="BuiltIn">
<msg time="2025-02-23T22:02:45.548196" level="INFO">${lONG_INVALID_EMAIL} = celine01celine01celine01 celine01celine01celine01celine 01celine01celine01celine01 celine01celine01celine01celine01 celine01celine01celine01celine01celine01celine01celine01celine01celine01celine01@tes...</msg>
<arg>${lONG_INVALID_EMAIL}</arg>
<doc>Makes a variable available globally in all tests and suites.</doc>
<status status="PASS" start="2025-02-23T22:02:45.548196" elapsed="0.000000"/>
</kw>
<status status="PASS" start="2025-02-23T22:02:45.541197" elapsed="0.006999"/>
</kw>
<kw name="First Name Female" owner="FakerLibrary">
<msg time="2025-02-23T22:02:45.549194" level="INFO">${NAME} = Carolyn</msg>
<var>${NAME}</var>
<status status="PASS" start="2025-02-23T22:02:45.548196" elapsed="0.000998"/>
</kw>
<kw name="Email" owner="FakerLibrary">
<msg time="2025-02-23T22:02:45.549194" level="INFO">${EMAIL} = daisy08@example.org</msg>
<var>${EMAIL}</var>
<status status="PASS" start="2025-02-23T22:02:45.549194" elapsed="0.000000"/>
</kw>
<kw name="Create Dictionary" owner="BuiltIn">
<msg time="2025-02-23T22:02:45.550196" level="INFO">${EXPECTED_ERROR} = {'field': 'gender', 'message': "can't be blank, can be male of female"}</msg>
<var>${EXPECTED_ERROR}</var>
<arg>field=gender</arg>
<arg>message=can't be blank, can be male of female</arg>
<doc>Creates and returns a dictionary based on the given ``items``.</doc>
<status status="PASS" start="2025-02-23T22:02:45.549194" elapsed="0.001002"/>
</kw>
<kw name="Validate Create New User With Invalid Value" owner="createuser">
<kw name="Create New User" owner="createuser">
<kw name="Create Dictionary" owner="BuiltIn">
<msg time="2025-02-23T22:02:45.550196" level="INFO">${headers} = {'Accept': 'application/json', 'Content-Type': 'application/json', 'Authorization': 'Bearer 85ed37ec93fe784056f522ad209f6c1bbaf23f29ef836e5622785b108e42f076'}</msg>
<var>${headers}</var>
<arg>Accept=${ACCEPT}</arg>
<arg>Content-Type=${CONTENT_TYPE}</arg>
<arg>Authorization=Bearer ${BEARER_TOKEN}</arg>
<doc>Creates and returns a dictionary based on the given ``items``.</doc>
<status status="PASS" start="2025-02-23T22:02:45.550196" elapsed="0.000000"/>
</kw>
<kw name="Create Dictionary" owner="BuiltIn">
<msg time="2025-02-23T22:02:45.551194" level="INFO">${PAYLOAD} = {'name': 'Carolyn', 'gender': 'Carolyn', 'email': 'daisy08@example.org', 'status': 'active'}</msg>
<var>${PAYLOAD}</var>
<arg>name=${name}</arg>
<arg>gender=${gender}</arg>
<arg>email=${email}</arg>
<arg>status=${status}</arg>
<doc>Creates and returns a dictionary based on the given ``items``.</doc>
<status status="PASS" start="2025-02-23T22:02:45.550196" elapsed="0.000998"/>
</kw>
<kw name="POST" owner="RequestsLibrary">
<msg time="2025-02-23T22:02:45.783440" level="INFO">POST Request : url=https://gorest.co.in/public/v2/users/ 
 path_url=/public/v2/users/ 
 headers={'User-Agent': 'python-requests/2.32.3', 'Accept-Encoding': 'gzip, deflate', 'Accept': 'application/json', 'Connection': 'keep-alive', 'Content-Type': 'application/json', 'Authorization': 'Bearer 85ed37ec93fe784056f522ad209f6c1bbaf23f29ef836e5622785b108e42f076', 'Content-Length': '92'} 
 body=b'{"name": "Carolyn", "gender": "Carolyn", "email": "daisy08@example.org", "status": "active"}' 
 </msg>
<msg time="2025-02-23T22:02:45.783440" level="INFO">POST Response : url=https://gorest.co.in/public/v2/users/ 
 status=422, reason=Unprocessable Entity 
 headers={'Date': 'Sun, 23 Feb 2025 15:02:45 GMT', 'Content-Type': 'application/json; charset=utf-8', 'Content-Length': '70', 'Connection': 'keep-alive', 'Cache-Control': 'no-cache', 'feature-policy': "camera 'none'; gyroscope 'none'; microphone 'none'; usb 'none'; fullscreen 'self'", 'referrer-policy': 'strict-origin-when-cross-origin', 'vary': 'Origin', 'x-content-type-options': 'nosniff', 'x-download-options': 'noopen', 'x-frame-options': 'SAMEORIGIN', 'x-permitted-cross-domain-policies': 'none', 'x-ratelimit-limit': '90', 'x-ratelimit-remaining': '88', 'x-ratelimit-reset': '2', 'x-request-id': '7e72f9a5-09ab-4cba-86bb-e607b46bcac1', 'x-runtime': '0.138233', 'x-xss-protection': '0', 'cf-cache-status': 'DYNAMIC', 'Report-To': '{"endpoints":[{"url":"https:\\/\\/a.nel.cloudflare.com\\/report\\/v4?s=dgaTwOh4cfgOpJflZvw6W%2FNr6ELJVvuGr0wFfmCetC2npjbDVjKwWSMTJfIqgawXJjVxRLtpBs%2FgPQQRzbCSpmNOXJdp8Axv0XCal1AzcH1RPifyBgVsVu64aSOidFpOvipX%2FnCKjemaBXA%3D"}],"group":"cf-nel","max_age":604800}', 'NEL': '{"success_fraction":0,"report_to":"cf-nel","max_age":604800}', 'Server': 'cloudflare', 'CF-RAY': '916819463819ee38-CGK', 'alt-svc': 'h3=":443"; ma=86400', 'server-timing': 'cfL4;desc="?proto=TCP&amp;rtt=0&amp;min_rtt=0&amp;rtt_var=0&amp;sent=0&amp;recv=0&amp;lost=0&amp;retrans=0&amp;sent_bytes=0&amp;recv_bytes=0&amp;delivery_rate=0&amp;cwnd=0&amp;unsent_bytes=0&amp;cid=f246f641c8aa87dc&amp;ts=218&amp;x=0"'} 
 body=[{"field":"gender","message":"can't be blank, can be male of female"}] 
 </msg>
<msg time="2025-02-23T22:02:45.783440" level="INFO">${response} = &lt;Response [422]&gt;</msg>
<var>${response}</var>
<arg>${BASE_URL}</arg>
<arg>json=${PAYLOAD}</arg>
<arg>headers=${headers}</arg>
<arg>expected_status=any</arg>
<doc>Sends a POST request.</doc>
<status status="PASS" start="2025-02-23T22:02:45.551194" elapsed="0.232246"/>
</kw>
<return>
<value>${response.status_code}</value>
<value>${response.json()}</value>
<status status="PASS" start="2025-02-23T22:02:45.783440" elapsed="0.000000"/>
</return>
<msg time="2025-02-23T22:02:45.784441" level="INFO">${status_code} = 422</msg>
<msg time="2025-02-23T22:02:45.784441" level="INFO">${response_body} = [{'field': 'gender', 'message': "can't be blank, can be male of female"}]</msg>
<var>${status_code}</var>
<var>${response_body}</var>
<arg>${name}</arg>
<arg>${gender}</arg>
<arg>${email}</arg>
<arg>${status}</arg>
<status status="PASS" start="2025-02-23T22:02:45.550196" elapsed="0.234245"/>
</kw>
<kw name="Should Be Equal As Numbers" owner="BuiltIn">
<msg time="2025-02-23T22:02:45.784441" level="INFO">Argument types are:
&lt;class 'int'&gt;
&lt;class 'str'&gt;</msg>
<arg>${status_code}</arg>
<arg>${expected_status_code}</arg>
<doc>Fails if objects are unequal after converting them to real numbers.</doc>
<status status="PASS" start="2025-02-23T22:02:45.784441" elapsed="0.000000"/>
</kw>
<kw name="Should Be Equal As Strings" owner="BuiltIn">
<arg>${response_body[0]["field"]}</arg>
<arg>${expected_error["field"]}</arg>
<doc>Fails if objects are unequal after converting them to strings.</doc>
<status status="PASS" start="2025-02-23T22:02:45.784441" elapsed="0.000999"/>
</kw>
<kw name="Should Be Equal As Strings" owner="BuiltIn">
<arg>${response_body[0]["message"]}</arg>
<arg>${expected_error["message"]}</arg>
<doc>Fails if objects are unequal after converting them to strings.</doc>
<status status="PASS" start="2025-02-23T22:02:45.785440" elapsed="0.001008"/>
</kw>
<arg>${NAME}</arg>
<arg>${NAME}</arg>
<arg>${EMAIL}</arg>
<arg>active</arg>
<arg>422</arg>
<arg>${EXPECTED_ERROR}</arg>
<status status="PASS" start="2025-02-23T22:02:45.550196" elapsed="0.236252"/>
</kw>
<status status="PASS" start="2025-02-23T22:02:45.540194" elapsed="0.246254"/>
</test>
<test id="s1-s1-t6" name="API POST Create User With Empty Email Returns 422 UNPROCESSABLE ENTITY" line="37">
<kw name="Set Environment Variables" owner="variables" type="SETUP">
<kw name="Get Env" owner="EnvLoader">
<msg time="2025-02-23T22:02:45.789440" level="INFO">${BASE_URL} = https://gorest.co.in/public/v2/users/</msg>
<var>${BASE_URL}</var>
<arg>BASE_URL</arg>
<status status="PASS" start="2025-02-23T22:02:45.787443" elapsed="0.001997"/>
</kw>
<kw name="Get Env" owner="EnvLoader">
<msg time="2025-02-23T22:02:45.789440" level="INFO">${BEARER_TOKEN} = 85ed37ec93fe784056f522ad209f6c1bbaf23f29ef836e5622785b108e42f076</msg>
<var>${BEARER_TOKEN}</var>
<arg>BEARER_TOKEN</arg>
<status status="PASS" start="2025-02-23T22:02:45.789440" elapsed="0.000000"/>
</kw>
<kw name="Get Env" owner="EnvLoader">
<msg time="2025-02-23T22:02:45.789440" level="INFO">${ACCEPT} = application/json</msg>
<var>${ACCEPT}</var>
<arg>ACCEPT</arg>
<status status="PASS" start="2025-02-23T22:02:45.789440" elapsed="0.000000"/>
</kw>
<kw name="Get Env" owner="EnvLoader">
<msg time="2025-02-23T22:02:45.789440" level="INFO">${CONTENT_TYPE} = application/json</msg>
<var>${CONTENT_TYPE}</var>
<arg>CONTENT_TYPE</arg>
<status status="PASS" start="2025-02-23T22:02:45.789440" elapsed="0.000000"/>
</kw>
<kw name="Get Env" owner="EnvLoader">
<msg time="2025-02-23T22:02:45.789440" level="INFO">${USER_ID} = 7716191</msg>
<var>${USER_ID}</var>
<arg>USER_ID</arg>
<status status="PASS" start="2025-02-23T22:02:45.789440" elapsed="0.000000"/>
</kw>
<kw name="Get Env" owner="EnvLoader">
<msg time="2025-02-23T22:02:45.789440" level="INFO">${USER_ID2} = 7716201</msg>
<var>${USER_ID2}</var>
<arg>USER_ID2</arg>
<status status="PASS" start="2025-02-23T22:02:45.789440" elapsed="0.000000"/>
</kw>
<kw name="Get Env" owner="EnvLoader">
<msg time="2025-02-23T22:02:45.790440" level="INFO">${NON_NUMERIC_ID} = test</msg>
<var>${NON_NUMERIC_ID}</var>
<arg>NON_NUMERIC_ID</arg>
<status status="PASS" start="2025-02-23T22:02:45.789440" elapsed="0.001000"/>
</kw>
<kw name="Get Env" owner="EnvLoader">
<msg time="2025-02-23T22:02:45.790440" level="INFO">${USER_NOT_FOUND_ID} = 83764234234</msg>
<var>${USER_NOT_FOUND_ID}</var>
<arg>USER_NOT_FOUND_ID</arg>
<status status="PASS" start="2025-02-23T22:02:45.790440" elapsed="0.000000"/>
</kw>
[...]
<var>${headers}</var>
<arg>Accept=${ACCEPT}</arg>
<arg>Content-Type=${CONTENT_TYPE}</arg>
<arg>Authorization=Bearer ${BEARER_TOKEN}</arg>
<doc>Creates and returns a dictionary based on the given ``items``.</doc>
<status status="PASS" start="2025-02-23T22:02:54.695767" elapsed="0.000000"/>
</kw>
<kw name="Create Dictionary" owner="BuiltIn">
<msg time="2025-02-23T22:02:54.695767" level="INFO">${PAYLOAD} = {'name': 'Nancy', 'email': 'stacey76@example.org', 'status': 'Nancy'}</msg>
<var>${PAYLOAD}</var>
<arg>name=${name}</arg>
<arg>email=${email}</arg>
<arg>status=${status}</arg>
<doc>Creates and returns a dictionary based on the given ``items``.</doc>
<status status="PASS" start="2025-02-23T22:02:54.695767" elapsed="0.000000"/>
</kw>
<kw name="PATCH" owner="RequestsLibrary">
<msg time="2025-02-23T22:02:55.449817" level="INFO">PATCH Request : url=https://gorest.co.in/public/v2/users/7716191 
 path_url=/public/v2/users/7716191 
 headers={'User-Agent': 'python-requests/2.32.3', 'Accept-Encoding': 'gzip, deflate', 'Accept': 'application/json', 'Connection': 'keep-alive', 'Content-Type': 'application/json', 'Authorization': 'Bearer 85ed37ec93fe784056f522ad209f6c1bbaf23f29ef836e5622785b108e42f076', 'Content-Length': '69'} 
 body=b'{"name": "Nancy", "email": "stacey76@example.org", "status": "Nancy"}' 
 </msg>
<msg time="2025-02-23T22:02:55.449817" level="INFO">PATCH Response : url=https://gorest.co.in/public/v2/users/7716191 
 status=422, reason=Unprocessable Entity 
 headers={'Date': 'Sun, 23 Feb 2025 15:02:55 GMT', 'Content-Type': 'application/json; charset=utf-8', 'Content-Length': '47', 'Connection': 'keep-alive', 'Cache-Control': 'no-cache', 'feature-policy': "camera 'none'; gyroscope 'none'; microphone 'none'; usb 'none'; fullscreen 'self'", 'referrer-policy': 'strict-origin-when-cross-origin', 'vary': 'Origin', 'x-content-type-options': 'nosniff', 'x-download-options': 'noopen', 'x-frame-options': 'SAMEORIGIN', 'x-permitted-cross-domain-policies': 'none', 'x-ratelimit-limit': '90', 'x-ratelimit-remaining': '72', 'x-ratelimit-reset': '13', 'x-request-id': '45143191-df98-4204-98e6-eb6006b67fa1', 'x-runtime': '0.650875', 'x-xss-protection': '0', 'cf-cache-status': 'DYNAMIC', 'Report-To': '{"endpoints":[{"url":"https:\\/\\/a.nel.cloudflare.com\\/report\\/v4?s=aQvHfcjshxc5Ffa%2BD4ifGRPXXbgTBZsDGIxE4VAT8hnijA7n%2F9VGR9ACDz8BbuWcq8rWJtuR%2B0eyzxmZ0s32t8%2BPGs1ZcbwJifz2eWxnIeZ%2B6FvhkUOkqcwQrpMTUSB7NSAQ2PzxsuThJN8%3D"}],"group":"cf-nel","max_age":604800}', 'NEL': '{"success_fraction":0,"report_to":"cf-nel","max_age":604800}', 'Server': 'cloudflare', 'CF-RAY': '9168197f6ca1ee38-CGK', 'alt-svc': 'h3=":443"; ma=86400', 'server-timing': 'cfL4;desc="?proto=TCP&amp;rtt=0&amp;min_rtt=0&amp;rtt_var=0&amp;sent=0&amp;recv=0&amp;lost=0&amp;retrans=0&amp;sent_bytes=0&amp;recv_bytes=0&amp;delivery_rate=0&amp;cwnd=0&amp;unsent_bytes=0&amp;cid=ffdce02ff1e22493&amp;ts=732&amp;x=0"'} 
 body=[{"field":"status","message":"can't be blank"}] 
 </msg>
<msg time="2025-02-23T22:02:55.449817" level="INFO">${response} = &lt;Response [422]&gt;</msg>
<var>${response}</var>
<arg>${BASE_URL}${USER_ID}</arg>
<arg>json=${PAYLOAD}</arg>
<arg>headers=${headers}</arg>
<arg>expected_status=any</arg>
<doc>Sends a PUT request.</doc>
<status status="PASS" start="2025-02-23T22:02:54.696767" elapsed="0.753050"/>
</kw>
<return>
<value>${response.status_code}</value>
<value>${response.json()}</value>
<status status="PASS" start="2025-02-23T22:02:55.449817" elapsed="0.000000"/>
</return>
<msg time="2025-02-23T22:02:55.450817" level="INFO">${status_code} = 422</msg>
<msg time="2025-02-23T22:02:55.450817" level="INFO">${response_body} = [{'field': 'status', 'message': "can't be blank"}]</msg>
<var>${status_code}</var>
<var>${response_body}</var>
<arg>${name}</arg>
<arg>${email}</arg>
<arg>${status}</arg>
<status status="PASS" start="2025-02-23T22:02:54.695767" elapsed="0.755050"/>
</kw>
<kw name="Should Be Equal As Numbers" owner="BuiltIn">
<msg time="2025-02-23T22:02:55.450817" level="INFO">Argument types are:
&lt;class 'int'&gt;
&lt;class 'str'&gt;</msg>
<arg>${status_code}</arg>
<arg>${expected_status_code}</arg>
<doc>Fails if objects are unequal after converting them to real numbers.</doc>
<status status="PASS" start="2025-02-23T22:02:55.450817" elapsed="0.000000"/>
</kw>
<kw name="Should Be Equal As Strings" owner="BuiltIn">
<arg>${response_body[0]["field"]}</arg>
<arg>${expected_error["field"]}</arg>
<doc>Fails if objects are unequal after converting them to strings.</doc>
<status status="PASS" start="2025-02-23T22:02:55.450817" elapsed="0.000999"/>
</kw>
<kw name="Should Be Equal As Strings" owner="BuiltIn">
<arg>${response_body[0]["message"]}</arg>
<arg>${expected_error["message"]}</arg>
<doc>Fails if objects are unequal after converting them to strings.</doc>
<status status="PASS" start="2025-02-23T22:02:55.451816" elapsed="0.000000"/>
</kw>
<arg>${NAME}</arg>
<arg>${EMAIL}</arg>
<arg>${NAME}</arg>
<arg>422</arg>
<arg>${EXPECTED_ERROR}</arg>
<status status="PASS" start="2025-02-23T22:02:54.695767" elapsed="0.756049"/>
</kw>
<status status="PASS" start="2025-02-23T22:02:54.687767" elapsed="0.765050"/>
</test>
<test id="s1-s3-t10" name="API PATCH Update User With Invalid URL Returns 404 NOT FOUND" line="58">
<kw name="Set Environment Variables" owner="variables" type="SETUP">
<kw name="Get Env" owner="EnvLoader">
<msg time="2025-02-23T22:02:55.454816" level="INFO">${BASE_URL} = https://gorest.co.in/public/v2/users/</msg>
<var>${BASE_URL}</var>
<arg>BASE_URL</arg>
<status status="PASS" start="2025-02-23T22:02:55.452817" elapsed="0.001999"/>
</kw>
<kw name="Get Env" owner="EnvLoader">
<msg time="2025-02-23T22:02:55.454816" level="INFO">${BEARER_TOKEN} = 85ed37ec93fe784056f522ad209f6c1bbaf23f29ef836e5622785b108e42f076</msg>
<var>${BEARER_TOKEN}</var>
<arg>BEARER_TOKEN</arg>
<status status="PASS" start="2025-02-23T22:02:55.454816" elapsed="0.000000"/>
</kw>
<kw name="Get Env" owner="EnvLoader">
<msg time="2025-02-23T22:02:55.455815" level="INFO">${ACCEPT} = application/json</msg>
<var>${ACCEPT}</var>
<arg>ACCEPT</arg>
<status status="PASS" start="2025-02-23T22:02:55.455815" elapsed="0.000000"/>
</kw>
<kw name="Get Env" owner="EnvLoader">
<msg time="2025-02-23T22:02:55.455815" level="INFO">${CONTENT_TYPE} = application/json</msg>
<var>${CONTENT_TYPE}</var>
<arg>CONTENT_TYPE</arg>
<status status="PASS" start="2025-02-23T22:02:55.455815" elapsed="0.000000"/>
</kw>
<kw name="Get Env" owner="EnvLoader">
<msg time="2025-02-23T22:02:55.455815" level="INFO">${USER_ID} = 7716191</msg>
<var>${USER_ID}</var>
<arg>USER_ID</arg>
<status status="PASS" start="2025-02-23T22:02:55.455815" elapsed="0.000000"/>
</kw>
<kw name="Get Env" owner="EnvLoader">
<msg time="2025-02-23T22:02:55.455815" level="INFO">${USER_ID2} = 7716201</msg>
<var>${USER_ID2}</var>
<arg>USER_ID2</arg>
<status status="PASS" start="2025-02-23T22:02:55.455815" elapsed="0.000000"/>
</kw>
<kw name="Get Env" owner="EnvLoader">
<msg time="2025-02-23T22:02:55.455815" level="INFO">${NON_NUMERIC_ID} = test</msg>
<var>${NON_NUMERIC_ID}</var>
<arg>NON_NUMERIC_ID</arg>
<status status="PASS" start="2025-02-23T22:02:55.455815" elapsed="0.000000"/>
</kw>
<kw name="Get Env" owner="EnvLoader">
<msg time="2025-02-23T22:02:55.455815" level="INFO">${USER_NOT_FOUND_ID} = 83764234234</msg>
<var>${USER_NOT_FOUND_ID}</var>
<arg>USER_NOT_FOUND_ID</arg>
<status status="PASS" start="2025-02-23T22:02:55.455815" elapsed="0.000000"/>
</kw>
<kw name="Get Env" owner="EnvLoader">
<msg time="2025-02-23T22:02:55.455815" level="INFO">${INVALID_TOKEN} = 8716298476192763401640178263</msg>
<var>${INVALID_TOKEN}</var>
<arg>INVALID_TOKEN</arg>
<status status="PASS" start="2025-02-23T22:02:55.455815" elapsed="0.000000"/>
</kw>
<kw name="Get Env" owner="EnvLoader">
<msg time="2025-02-23T22:02:55.455815" level="INFO">${REGISTERED_EMAIL} = Hall@test.com</msg>
<var>${REGISTERED_EMAIL}</var>
<arg>REGISTERED_EMAIL</arg>
<status status="PASS" start="2025-02-23T22:02:55.455815" elapsed="0.000000"/>
</kw>
<kw name="Get Env" owner="EnvLoader">
<msg time="2025-02-23T22:02:55.455815" level="INFO">${INVALID_EMAIL} = invalid-email-format</msg>
<var>${INVALID_EMAIL}</var>
<arg>INVALID_EMAIL</arg>
<status status="PASS" start="2025-02-23T22:02:55.455815" elapsed="0.000000"/>
</kw>
<kw name="Get Env" owner="EnvLoader">
<msg time="2025-02-23T22:02:55.456816" level="INFO">${LONG_EMAIL} = celine01celine01celine01celine01celine01celine01celine01celine01celine01celine01celine01celine01celine01celine01celine01celine01celine01celine01celine01celine01celine01celine01celine01celine01@test.co...</msg>
<var>${LONG_EMAIL}</var>
<arg>LONG_EMAIL</arg>
<status status="PASS" start="2025-02-23T22:02:55.456816" elapsed="0.000000"/>
</kw>
<kw name="Get Env" owner="EnvLoader">
<msg time="2025-02-23T22:02:55.456816" level="INFO">${lONG_INVALID_EMAIL} = celine01celine01celine01 celine01celine01celine01celine 01celine01celine01celine01 celine01celine01celine01celine01 celine01celine01celine01celine01celine01celine01celine01celine01celine01celine01@tes...</msg>
<var>${lONG_INVALID_EMAIL}</var>
<arg>lONG_INVALID_EMAIL</arg>
<status status="PASS" start="2025-02-23T22:02:55.456816" elapsed="0.000000"/>
</kw>
<kw name="Set Global Variable" owner="BuiltIn">
<msg time="2025-02-23T22:02:55.456816" level="INFO">${BASE_URL} = https://gorest.co.in/public/v2/users/</msg>
<arg>${BASE_URL}</arg>
<doc>Makes a variable available globally in all tests and suites.</doc>
<status status="PASS" start="2025-02-23T22:02:55.456816" elapsed="0.000000"/>
</kw>
<kw name="Set Global Variable" owner="BuiltIn">
<msg time="2025-02-23T22:02:55.456816" level="INFO">${BEARER_TOKEN} = 85ed37ec93fe784056f522ad209f6c1bbaf23f29ef836e5622785b108e42f076</msg>
<arg>${BEARER_TOKEN}</arg>
<doc>Makes a variable available globally in all tests and suites.</doc>
<status status="PASS" start="2025-02-23T22:02:55.456816" elapsed="0.000000"/>
</kw>
<kw name="Set Global Variable" owner="BuiltIn">
<msg time="2025-02-23T22:02:55.456816" level="INFO">${ACCEPT} = application/json</msg>
<arg>${ACCEPT}</arg>
<doc>Makes a variable available globally in all tests and suites.</doc>
<status status="PASS" start="2025-02-23T22:02:55.456816" elapsed="0.000000"/>
</kw>
<kw name="Set Global Variable" owner="BuiltIn">
<msg time="2025-02-23T22:02:55.457815" level="INFO">${CONTENT_TYPE} = application/json</msg>
<arg>${CONTENT_TYPE}</arg>
<doc>Makes a variable available globally in all tests and suites.</doc>
<status status="PASS" start="2025-02-23T22:02:55.456816" elapsed="0.000999"/>
</kw>
<kw name="Set Global Variable" owner="BuiltIn">
<msg time="2025-02-23T22:02:55.457815" level="INFO">${USER_ID} = 7716191</msg>
<arg>${USER_ID}</arg>
<doc>Makes a variable available globally in all tests and suites.</doc>
<status status="PASS" start="2025-02-23T22:02:55.457815" elapsed="0.000000"/>
</kw>
<kw name="Set Global Variable" owner="BuiltIn">
<msg time="2025-02-23T22:02:55.457815" level="INFO">${USER_ID2} = 7716201</msg>
<arg>${USER_ID2}</arg>
<doc>Makes a variable available globally in all tests and suites.</doc>
<status status="PASS" start="2025-02-23T22:02:55.457815" elapsed="0.000000"/>
</kw>
<kw name="Set Global Variable" owner="BuiltIn">
<msg time="2025-02-23T22:02:55.457815" level="INFO">${NON_NUMERIC_ID} = test</msg>
<arg>${NON_NUMERIC_ID}</arg>
<doc>Makes a variable available globally in all tests and suites.</doc>
<status status="PASS" start="2025-02-23T22:02:55.457815" elapsed="0.000000"/>
</kw>
<kw name="Set Global Variable" owner="BuiltIn">
<msg time="2025-02-23T22:02:55.457815" level="INFO">${USER_NOT_FOUND_ID} = 83764234234</msg>
<arg>${USER_NOT_FOUND_ID}</arg>
<doc>Makes a variable available globally in all tests and suites.</doc>
<status status="PASS" start="2025-02-23T22:02:55.457815" elapsed="0.000000"/>
</kw>
<kw name="Set Global Variable" owner="BuiltIn">
<msg time="2025-02-23T22:02:55.457815" level="INFO">${INVALID_TOKEN} = 8716298476192763401640178263</msg>
<arg>${INVALID_TOKEN}</arg>
<doc>Makes a variable available globally in all tests and suites.</doc>
<status status="PASS" start="2025-02-23T22:02:55.457815" elapsed="0.000000"/>
</kw>
<kw name="Set Global Variable" owner="BuiltIn">
<msg time="2025-02-23T22:02:55.457815" level="INFO">${REGISTERED_EMAIL} = Hall@test.com</msg>
<arg>${REGISTERED_EMAIL}</arg>
<doc>Makes a variable available globally in all tests and suites.</doc>
<status status="PASS" start="2025-02-23T22:02:55.457815" elapsed="0.000000"/>
</kw>
<kw name="Set Global Variable" owner="BuiltIn">
<msg time="2025-02-23T22:02:55.458815" level="INFO">${INVALID_EMAIL} = invalid-email-format</msg>
<arg>${INVALID_EMAIL}</arg>
<doc>Makes a variable available globally in all tests and suites.</doc>
<status status="PASS" start="2025-02-23T22:02:55.457815" elapsed="0.001000"/>
</kw>
<kw name="Set Global Variable" owner="BuiltIn">
<msg time="2025-02-23T22:02:55.458815" level="INFO">${LONG_EMAIL} = celine01celine01celine01celine01celine01celine01celine01celine01celine01celine01celine01celine01celine01celine01celine01celine01celine01celine01celine01celine01celine01celine01celine01celine01@test.co...</msg>
<arg>${LONG_EMAIL}</arg>
<doc>Makes a variable available globally in all tests and suites.</doc>
<status status="PASS" start="2025-02-23T22:02:55.458815" elapsed="0.000000"/>
</kw>
<kw name="Set Global Variable" owner="BuiltIn">
<msg time="2025-02-23T22:02:55.458815" level="INFO">${lONG_INVALID_EMAIL} = celine01celine01celine01 celine01celine01celine01celine 01celine01celine01celine01 celine01celine01celine01celine01 celine01celine01celine01celine01celine01celine01celine01celine01celine01celine01@tes...</msg>
<arg>${lONG_INVALID_EMAIL}</arg>
<doc>Makes a variable available globally in all tests and suites.</doc>
<status status="PASS" start="2025-02-23T22:02:55.458815" elapsed="0.000000"/>
</kw>
<status status="PASS" start="2025-02-23T22:02:55.452817" elapsed="0.005998"/>
</kw>
<kw name="First Name Female" owner="FakerLibrary">
<msg time="2025-02-23T22:02:55.458815" level="INFO">${NAME} = Michelle</msg>
<var>${NAME}</var>
<status status="PASS" start="2025-02-23T22:02:55.458815" elapsed="0.000000"/>
</kw>
<kw name="Email" owner="FakerLibrary">
<msg time="2025-02-23T22:02:55.459817" level="INFO">${EMAIL} = mariedavis@example.com</msg>
<var>${EMAIL}</var>
<status status="PASS" start="2025-02-23T22:02:55.459817" elapsed="0.000000"/>
</kw>
<kw name="Validate Update User With Invalid URL" owner="updateuser">
<kw name="Update User With Invalid URL" owner="updateuser">
<kw name="Create Dictionary" owner="BuiltIn">
<msg time="2025-02-23T22:02:55.460825" level="INFO">${headers} = {'Accept': 'application/json', 'Content-Type': 'application/json', 'Authorization': 'Bearer 85ed37ec93fe784056f522ad209f6c1bbaf23f29ef836e5622785b108e42f076'}</msg>
<var>${headers}</var>
<arg>Accept=${ACCEPT}</arg>
<arg>Content-Type=${CONTENT_TYPE}</arg>
<arg>Authorization=Bearer ${BEARER_TOKEN}</arg>
<doc>Creates and returns a dictionary based on the given ``items``.</doc>
<status status="PASS" start="2025-02-23T22:02:55.460825" elapsed="0.000000"/>
</kw>
<kw name="Create Dictionary" owner="BuiltIn">
<msg time="2025-02-23T22:02:55.460825" level="INFO">${PAYLOAD} = {'name': 'Michelle', 'email': 'mariedavis@example.com', 'status': 'active'}</msg>
<var>${PAYLOAD}</var>
<arg>name=${name}</arg>
<arg>email=${email}</arg>
<arg>status=${status}</arg>
<doc>Creates and returns a dictionary based on the given ``items``.</doc>
<status status="PASS" start="2025-02-23T22:02:55.460825" elapsed="0.000000"/>
</kw>
<kw name="PATCH" owner="RequestsLibrary">
<msg time="2025-02-23T22:02:56.349385" level="INFO">PATCH Request : url=https://gorest.co.in/public/v2/users/test 
 path_url=/public/v2/users/test 
 headers={'User-Agent': 'python-requests/2.32.3', 'Accept-Encoding': 'gzip, deflate', 'Accept': 'application/json', 'Connection': 'keep-alive', 'Content-Type': 'application/json', 'Authorization': 'Bearer 85ed37ec93fe784056f522ad209f6c1bbaf23f29ef836e5622785b108e42f076', 'Content-Length': '75'} 
 body=b'{"name": "Michelle", "email": "mariedavis@example.com", "status": "active"}' 
 </msg>
<msg time="2025-02-23T22:02:56.349385" level="INFO">PATCH Response : url=https://gorest.co.in/public/v2/users/test 
 status=404, reason=Not Found 
 headers={'Date': 'Sun, 23 Feb 2025 15:02:56 GMT', 'Content-Type': 'application/json; charset=utf-8', 'Content-Length': '32', 'Connection': 'keep-alive', 'Cache-Control': 'no-cache', 'feature-policy': "camera 'none'; gyroscope 'none'; microphone 'none'; usb 'none'; fullscreen 'self'", 'referrer-policy': 'strict-origin-when-cross-origin', 'vary': 'Origin', 'x-content-type-options': 'nosniff', 'x-download-options': 'noopen', 'x-frame-options': 'SAMEORIGIN', 'x-permitted-cross-domain-policies': 'none', 'x-ratelimit-limit': '90', 'x-ratelimit-remaining': '71', 'x-ratelimit-reset': '13', 'x-request-id': '34c6031e-896c-43c3-bbf9-d8bcbaaf73af', 'x-runtime': '0.615106', 'x-xss-protection': '0', 'cf-cache-status': 'DYNAMIC', 'Report-To': '{"endpoints":[{"url":"https:\\/\\/a.nel.cloudflare.com\\/report\\/v4?s=7Cs8IUWw0w3IXbNHXzKX9HJC9zM491mBvjD5JCLrIE8vG0TGSGrujjfcrPa%2FBc7pAHlp%2BSjplDLMKdpCVNor140t6FyX3i5XP0Bmbl4bd6FNzT26DhTGdj0V%2BoqNmFXqhDNm24iFcMnWyO0%3D"}],"group":"cf-nel","max_age":604800}', 'NEL': '{"success_fraction":0,"report_to":"cf-nel","max_age":604800}', 'Server': 'cloudflare', 'CF-RAY': '9168198429a8ee38-CGK', 'alt-svc': 'h3=":443"; ma=86400', 'server-timing': 'cfL4;desc="?proto=TCP&amp;rtt=0&amp;min_rtt=0&amp;rtt_var=0&amp;sent=0&amp;recv=0&amp;lost=0&amp;retrans=0&amp;sent_bytes=0&amp;recv_bytes=0&amp;delivery_rate=0&amp;cwnd=0&amp;unsent_bytes=0&amp;cid=ec8d32860bd28b6c&amp;ts=874&amp;x=0"'} 
 body={"message":"Resource not found"} 
 </msg>
<msg time="2025-02-23T22:02:56.349385" level="INFO">${response} = &lt;Response [404]&gt;</msg>
<var>${response}</var>
<arg>${BASE_URL}${NON_NUMERIC_ID}</arg>
<arg>json=${PAYLOAD}</arg>
<arg>headers=${headers}</arg>
<arg>expected_status=any</arg>
<doc>Sends a PUT request.</doc>
<status status="PASS" start="2025-02-23T22:02:55.460825" elapsed="0.888560"/>
</kw>
<return>
<value>${response.status_code}</value>
<value>${response.json()}</value>
<status status="PASS" start="2025-02-23T22:02:56.349385" elapsed="0.000000"/>
</return>
<msg time="2025-02-23T22:02:56.350385" level="INFO">${status_code} = 404</msg>
<msg time="2025-02-23T22:02:56.350385" level="INFO">${response_body} = {'message': 'Resource not found'}</msg>
<var>${status_code}</var>
<var>${response_body}</var>
<arg>${name}</arg>
<arg>${email}</arg>
<arg>${status}</arg>
<status status="PASS" start="2025-02-23T22:02:55.460825" elapsed="0.889560"/>
</kw>
<kw name="Should Be Equal As Numbers" owner="BuiltIn">
<msg time="2025-02-23T22:02:56.350385" level="INFO">Argument types are:
&lt;class 'int'&gt;
&lt;class 'str'&gt;</msg>
<arg>${status_code}</arg>
<arg>${expected_status_code}</arg>
<doc>Fails if objects are unequal after converting them to real numbers.</doc>
<status status="PASS" start="2025-02-23T22:02:56.350385" elapsed="0.000000"/>
</kw>
<arg>${NAME}</arg>
<arg>${EMAIL}</arg>
<arg>active</arg>
<arg>404</arg>
<status status="PASS" start="2025-02-23T22:02:55.459817" elapsed="0.891574"/>
</kw>
<status status="PASS" start="2025-02-23T22:02:55.452817" elapsed="0.898574"/>
</test>
<status status="PASS" start="2025-02-23T22:02:51.638316" elapsed="4.713075"/>
</suite>
<status status="PASS" start="2025-02-23T22:02:41.536754" elapsed="14.815632"/>
</suite>
<statistics>
<total>
<stat pass="28" fail="0" skip="0">All Tests</stat>
</total>
<tag>
</tag>
<suite>
<stat name="Tests" id="s1" pass="28" fail="0" skip="0">Tests</stat>
<stat name="Createuser.Test" id="s1-s1" pass="13" fail="0" skip="0">Tests.Createuser.Test</stat>
<stat name="Listuser.Test" id="s1-s2" pass="5" fail="0" skip="0">Tests.Listuser.Test</stat>
<stat name="Updateuser.Test" id="s1-s3" pass="10" fail="0" skip="0">Tests.Updateuser.Test</stat>
</suite>
</statistics>
<errors>
</errors>
</robot>
