<?xml version="1.0" encoding="UTF-8"?>
<robot generator="Robot 7.2.2 (Python 3.13.2 on win32)" generated="2025-04-03T19:05:06.808228" rpa="false" schemaversion="5">
<suite id="s1" name="Createuser.Test" source="c:\.Cahya\learn\automation testing\gorest-api-robot-framework\tests\createuser.test.robot">
<test id="s1-t1" name="API POST Create User With Name More Than 200 Characters Returns 422 UNPROCESSABLE ENTITY" line="21">
<kw name="Set Environment Variables" owner="variables" type="SETUP">
<kw name="Get Env" owner="EnvLoader">
<msg time="2025-04-03T19:05:07.330455" level="INFO">${BASE_URL} = https://gorest.co.in/public/v2/users/</msg>
<var>${BASE_URL}</var>
<arg>BASE_URL</arg>
<status status="PASS" start="2025-04-03T19:05:07.329126" elapsed="0.002288"/>
</kw>
<kw name="Get Env" owner="EnvLoader">
<msg time="2025-04-03T19:05:07.331907" level="INFO">${BEARER_TOKEN} = 85ed37ec93fe784056f522ad209f6c1bbaf23f29ef836e5622785b108e42f076</msg>
<var>${BEARER_TOKEN}</var>
<arg>BEARER_TOKEN</arg>
<status status="PASS" start="2025-04-03T19:05:07.331630" elapsed="0.000370"/>
</kw>
<kw name="Get Env" owner="EnvLoader">
<msg time="2025-04-03T19:05:07.332233" level="INFO">${ACCEPT} = application/json</msg>
<var>${ACCEPT}</var>
<arg>ACCEPT</arg>
<status status="PASS" start="2025-04-03T19:05:07.332101" elapsed="0.000191"/>
</kw>
<kw name="Get Env" owner="EnvLoader">
<msg time="2025-04-03T19:05:07.332483" level="INFO">${CONTENT_TYPE} = application/json</msg>
<var>${CONTENT_TYPE}</var>
<arg>CONTENT_TYPE</arg>
<status status="PASS" start="2025-04-03T19:05:07.332375" elapsed="0.000158"/>
</kw>
<kw name="Get Env" owner="EnvLoader">
<msg time="2025-04-03T19:05:07.332703" level="INFO">${USER_ID} = 7716191</msg>
<var>${USER_ID}</var>
<arg>USER_ID</arg>
<status status="PASS" start="2025-04-03T19:05:07.332605" elapsed="0.000145"/>
</kw>
<kw name="Get Env" owner="EnvLoader">
<msg time="2025-04-03T19:05:07.332904" level="INFO">${USER_ID2} = 7716201</msg>
<var>${USER_ID2}</var>
<arg>USER_ID2</arg>
<status status="PASS" start="2025-04-03T19:05:07.332816" elapsed="0.000132"/>
</kw>
<kw name="Get Env" owner="EnvLoader">
<msg time="2025-04-03T19:05:07.333102" level="INFO">${NON_NUMERIC_ID} = test</msg>
<var>${NON_NUMERIC_ID}</var>
<arg>NON_NUMERIC_ID</arg>
<status status="PASS" start="2025-04-03T19:05:07.333012" elapsed="0.000131"/>
</kw>
<kw name="Get Env" owner="EnvLoader">
<msg time="2025-04-03T19:05:07.333295" level="INFO">${USER_NOT_FOUND_ID} = 83764234234</msg>
<var>${USER_NOT_FOUND_ID}</var>
<arg>USER_NOT_FOUND_ID</arg>
<status status="PASS" start="2025-04-03T19:05:07.333209" elapsed="0.000129"/>
</kw>
<kw name="Get Env" owner="EnvLoader">
<msg time="2025-04-03T19:05:07.333500" level="INFO">${INVALID_TOKEN} = 8716298476192763401640178263</msg>
<var>${INVALID_TOKEN}</var>
<arg>INVALID_TOKEN</arg>
<status status="PASS" start="2025-04-03T19:05:07.333413" elapsed="0.000128"/>
</kw>
<kw name="Get Env" owner="EnvLoader">
<msg time="2025-04-03T19:05:07.333683" level="INFO">${REGISTERED_EMAIL} = Hall@test.com</msg>
<var>${REGISTERED_EMAIL}</var>
<arg>REGISTERED_EMAIL</arg>
<status status="PASS" start="2025-04-03T19:05:07.333600" elapsed="0.000125"/>
</kw>
<kw name="Get Env" owner="EnvLoader">
<msg time="2025-04-03T19:05:07.333869" level="INFO">${INVALID_EMAIL} = invalid-email-format</msg>
<var>${INVALID_EMAIL}</var>
<arg>INVALID_EMAIL</arg>
<status status="PASS" start="2025-04-03T19:05:07.333785" elapsed="0.000124"/>
</kw>
<kw name="Get Env" owner="EnvLoader">
<msg time="2025-04-03T19:05:07.334057" level="INFO">${LONG_EMAIL} = celine01celine01celine01celine01celine01celine01celine01celine01celine01celine01celine01celine01celine01celine01celine01celine01celine01celine01celine01celine01celine01celine01celine01celine01@test.co...</msg>
<var>${LONG_EMAIL}</var>
<arg>LONG_EMAIL</arg>
<status status="PASS" start="2025-04-03T19:05:07.333970" elapsed="0.000139"/>
</kw>
<kw name="Get Env" owner="EnvLoader">
<msg time="2025-04-03T19:05:07.334254" level="INFO">${lONG_INVALID_EMAIL} = celine01celine01celine01 celine01celine01celine01celine 01celine01celine01celine01 celine01celine01celine01celine01 celine01celine01celine01celine01celine01celine01celine01celine01celine01celine01@tes...</msg>
<var>${lONG_INVALID_EMAIL}</var>
<arg>lONG_INVALID_EMAIL</arg>
<status status="PASS" start="2025-04-03T19:05:07.334170" elapsed="0.000126"/>
</kw>
<kw name="Set Global Variable" owner="BuiltIn">
<msg time="2025-04-03T19:05:07.334533" level="INFO">${BASE_URL} = https://gorest.co.in/public/v2/users/</msg>
<arg>${BASE_URL}</arg>
<doc>Makes a variable available globally in all tests and suites.</doc>
<status status="PASS" start="2025-04-03T19:05:07.334379" elapsed="0.000588"/>
</kw>
<kw name="Set Global Variable" owner="BuiltIn">
<msg time="2025-04-03T19:05:07.335206" level="INFO">${BEARER_TOKEN} = 85ed37ec93fe784056f522ad209f6c1bbaf23f29ef836e5622785b108e42f076</msg>
<arg>${BEARER_TOKEN}</arg>
<doc>Makes a variable available globally in all tests and suites.</doc>
<status status="PASS" start="2025-04-03T19:05:07.335058" elapsed="0.000208"/>
</kw>
<kw name="Set Global Variable" owner="BuiltIn">
<msg time="2025-04-03T19:05:07.335461" level="INFO">${ACCEPT} = application/json</msg>
<arg>${ACCEPT}</arg>
<doc>Makes a variable available globally in all tests and suites.</doc>
<status status="PASS" start="2025-04-03T19:05:07.335339" elapsed="0.000176"/>
</kw>
<kw name="Set Global Variable" owner="BuiltIn">
<msg time="2025-04-03T19:05:07.335704" level="INFO">${CONTENT_TYPE} = application/json</msg>
<arg>${CONTENT_TYPE}</arg>
<doc>Makes a variable available globally in all tests and suites.</doc>
<status status="PASS" start="2025-04-03T19:05:07.335589" elapsed="0.000165"/>
</kw>
<kw name="Set Global Variable" owner="BuiltIn">
<msg time="2025-04-03T19:05:07.335920" level="INFO">${USER_ID} = 7716191</msg>
<arg>${USER_ID}</arg>
<doc>Makes a variable available globally in all tests and suites.</doc>
<status status="PASS" start="2025-04-03T19:05:07.335823" elapsed="0.000144"/>
</kw>
<kw name="Set Global Variable" owner="BuiltIn">
<msg time="2025-04-03T19:05:07.336126" level="INFO">${USER_ID2} = 7716201</msg>
<arg>${USER_ID2}</arg>
<doc>Makes a variable available globally in all tests and suites.</doc>
<status status="PASS" start="2025-04-03T19:05:07.336030" elapsed="0.000142"/>
</kw>
<kw name="Set Global Variable" owner="BuiltIn">
<msg time="2025-04-03T19:05:07.336344" level="INFO">${NON_NUMERIC_ID} = test</msg>
<arg>${NON_NUMERIC_ID}</arg>
<doc>Makes a variable available globally in all tests and suites.</doc>
<status status="PASS" start="2025-04-03T19:05:07.336243" elapsed="0.000151"/>
</kw>
<kw name="Set Global Variable" owner="BuiltIn">
<msg time="2025-04-03T19:05:07.336558" level="INFO">${USER_NOT_FOUND_ID} = 83764234234</msg>
<arg>${USER_NOT_FOUND_ID}</arg>
<doc>Makes a variable available globally in all tests and suites.</doc>
<status status="PASS" start="2025-04-03T19:05:07.336458" elapsed="0.000147"/>
</kw>
<kw name="Set Global Variable" owner="BuiltIn">
<msg time="2025-04-03T19:05:07.336767" level="INFO">${INVALID_TOKEN} = 8716298476192763401640178263</msg>
<arg>${INVALID_TOKEN}</arg>
<doc>Makes a variable available globally in all tests and suites.</doc>
<status status="PASS" start="2025-04-03T19:05:07.336668" elapsed="0.000145"/>
</kw>
<kw name="Set Global Variable" owner="BuiltIn">
<msg time="2025-04-03T19:05:07.336979" level="INFO">${REGISTERED_EMAIL} = Hall@test.com</msg>
<arg>${REGISTERED_EMAIL}</arg>
<doc>Makes a variable available globally in all tests and suites.</doc>
<status status="PASS" start="2025-04-03T19:05:07.336877" elapsed="0.000149"/>
</kw>
<kw name="Set Global Variable" owner="BuiltIn">
<msg time="2025-04-03T19:05:07.337185" level="INFO">${INVALID_EMAIL} = invalid-email-format</msg>
<arg>${INVALID_EMAIL}</arg>
<doc>Makes a variable available globally in all tests and suites.</doc>
<status status="PASS" start="2025-04-03T19:05:07.337089" elapsed="0.000141"/>
</kw>
<kw name="Set Global Variable" owner="BuiltIn">
<msg time="2025-04-03T19:05:07.337398" level="INFO">${LONG_EMAIL} = celine01celine01celine01celine01celine01celine01celine01celine01celine01celine01celine01celine01celine01celine01celine01celine01celine01celine01celine01celine01celine01celine01celine01celine01@test.co...</msg>
<arg>${LONG_EMAIL}</arg>
<doc>Makes a variable available globally in all tests and suites.</doc>
<status status="PASS" start="2025-04-03T19:05:07.337291" elapsed="0.000288"/>
</kw>
<kw name="Set Global Variable" owner="BuiltIn">
<msg time="2025-04-03T19:05:07.337787" level="INFO">${lONG_INVALID_EMAIL} = celine01celine01celine01 celine01celine01celine01celine 01celine01celine01celine01 celine01celine01celine01celine01 celine01celine01celine01celine01celine01celine01celine01celine01celine01celine01@tes...</msg>
<arg>${lONG_INVALID_EMAIL}</arg>
<doc>Makes a variable available globally in all tests and suites.</doc>
<status status="PASS" start="2025-04-03T19:05:07.337670" elapsed="0.000170"/>
</kw>
<status status="PASS" start="2025-04-03T19:05:07.328692" elapsed="0.009212"/>
</kw>
<kw name="Generate Sentence" owner="FakerLibrary">
<msg time="2025-04-03T19:05:07.338709" level="INFO">${NAME} = Bring they whose fine thing physical new indicate same determine picture region coach president suffer role measure room final five south foreign almost would also or blood I out worry already game me...</msg>
<var>${NAME}</var>
<arg>65</arg>
<status status="PASS" start="2025-04-03T19:05:07.338289" elapsed="0.000884"/>
</kw>
<kw name="Generate Email" owner="FakerLibrary">
<msg time="2025-04-03T19:05:07.339819" level="INFO">${EMAIL} = lucasjenna@example.org</msg>
<var>${EMAIL}</var>
<status status="PASS" start="2025-04-03T19:05:07.339431" elapsed="0.000454"/>
</kw>
<kw name="Create Dictionary" owner="BuiltIn">
<msg time="2025-04-03T19:05:07.340456" level="INFO">${EXPECTED_ERROR} = {'field': 'name', 'message': 'is too long (maximum is 200 characters)'}</msg>
<var>${EXPECTED_ERROR}</var>
<arg>field=name</arg>
<arg>message=is too long (maximum is 200 characters)</arg>
<doc>Creates and returns a dictionary based on the given ``items``.</doc>
<status status="PASS" start="2025-04-03T19:05:07.340155" elapsed="0.000392"/>
</kw>
<kw name="Validate Create New User With Invalid Value" owner="createuser">
<kw name="Create New User" owner="createuser">
<kw name="Create Dictionary" owner="BuiltIn">
<msg time="2025-04-03T19:05:07.341808" level="INFO">${headers} = {'Accept': 'application/json', 'Content-Type': 'application/json', 'Authorization': 'Bearer 85ed37ec93fe784056f522ad209f6c1bbaf23f29ef836e5622785b108e42f076'}</msg>
<var>${headers}</var>
<arg>Accept=${ACCEPT}</arg>
<arg>Content-Type=${CONTENT_TYPE}</arg>
<arg>Authorization=Bearer ${BEARER_TOKEN}</arg>
<doc>Creates and returns a dictionary based on the given ``items``.</doc>
<status status="PASS" start="2025-04-03T19:05:07.341555" elapsed="0.000639"/>
</kw>
<kw name="Create Dictionary" owner="BuiltIn">
<msg time="2025-04-03T19:05:07.342619" level="INFO">${PAYLOAD} = {'name': 'Bring they whose fine thing physical new indicate same determine picture region coach president suffer role measure room final five south foreign almost would also or blood I out worry alrea...</msg>
<var>${PAYLOAD}</var>
<arg>name=${name}</arg>
<arg>gender=${gender}</arg>
<arg>email=${email}</arg>
<arg>status=${status}</arg>
<doc>Creates and returns a dictionary based on the given ``items``.</doc>
<status status="PASS" start="2025-04-03T19:05:07.342315" elapsed="0.000411"/>
</kw>
<kw name="POST" owner="RequestsLibrary">
<msg time="2025-04-03T19:05:07.772979" level="INFO">POST Request : url=https://gorest.co.in/public/v2/users/ 
 path_url=/public/v2/users/ 
 headers={'User-Agent': 'python-requests/2.32.3', 'Accept-Encoding': 'gzip, deflate', 'Accept': 'application/json', 'Connection': 'keep-alive', 'Content-Type': 'application/json', 'Authorization': 'Bearer 85ed37ec93fe784056f522ad209f6c1bbaf23f29ef836e5622785b108e42f076', 'Content-Length': '544'} 
 body=b'{"name": "Bring they whose fine thing physical new indicate same determine picture region coach president suffer role measure room final five south foreign almost would also or blood I out worry already game meeting suddenly admit perhaps wait would loss over affect possible until power performance site level end society rise suddenly catch everything this yard never imagine agency human police decade mother personal lose number development you body radio factor.", "gender": "female", "email": "lucasjenna@example.org", "status": "active"}' 
 </msg>
<msg time="2025-04-03T19:05:07.773270" level="INFO">POST Response : url=https://gorest.co.in/public/v2/users/ 
 status=422, reason=Unprocessable Entity 
 headers={'Date': 'Thu, 03 Apr 2025 12:05:09 GMT', 'Content-Type': 'application/json; charset=utf-8', 'Content-Length': '70', 'Connection': 'keep-alive', 'Cache-Control': 'no-cache', 'feature-policy': "camera 'none'; gyroscope 'none'; microphone 'none'; usb 'none'; fullscreen 'self'", 'referrer-policy': 'strict-origin-when-cross-origin', 'vary': 'Origin', 'x-content-type-options': 'nosniff', 'x-download-options': 'noopen', 'x-frame-options': 'SAMEORIGIN', 'x-permitted-cross-domain-policies': 'none', 'x-ratelimit-limit': '90', 'x-ratelimit-remaining': '89', 'x-ratelimit-reset': '1', 'x-request-id': '13204088-6486-4f3d-9269-535cadbd9c55', 'x-runtime': '0.090381', 'x-xss-protection': '0', 'cf-cache-status': 'DYNAMIC', 'Report-To': '{"endpoints":[{"url":"https:\\/\\/a.nel.cloudflare.com\\/report\\/v4?s=4oYhKUBIeVA9fSpfr6LQuH0ROw2S0Q%2Bl9MWEnQEWUUqAkKBTht6oZgPfoBXYsORELEivC%2B%2BYYenO2%2FSLVCJKnjpGvhG7R01QM9hFBy%2BxWgJt%2BvgN3gNdbVpYHcRLuXs%3D"}],"group":"cf-nel","max_age":604800}', 'NEL': '{"success_fraction":0,"report_to":"cf-nel","max_age":604800}', 'Server': 'cloudflare', 'CF-RAY': '92a86ebbbd216494-SIN', 'alt-svc': 'h3=":443"; ma=86400', 'server-timing': 'cfL4;desc="?proto=TCP&amp;rtt=18300&amp;min_rtt=17751&amp;rtt_var=7049&amp;sent=6&amp;recv=7&amp;lost=0&amp;retrans=0&amp;sent_bytes=2842&amp;recv_bytes=1499&amp;delivery_rate=236606&amp;cwnd=252&amp;unsent_bytes=0&amp;cid=e8f21d0ba28cf733&amp;ts=380&amp;x=0"'} 
 body=[{"field":"name","message":"is too long (maximum is 200 characters)"}] 
 </msg>
<msg time="2025-04-03T19:05:07.773465" level="INFO">${response} = &lt;Response [422]&gt;</msg>
<var>${response}</var>
<arg>${BASE_URL}</arg>
<arg>json=${PAYLOAD}</arg>
<arg>headers=${headers}</arg>
<arg>expected_status=any</arg>
<doc>Sends a POST request.</doc>
<status status="PASS" start="2025-04-03T19:05:07.342872" elapsed="0.430653"/>
</kw>
<return>
<value>${response.status_code}</value>
<value>${response.json()}</value>
<status status="PASS" start="2025-04-03T19:05:07.773625" elapsed="0.000090"/>
</return>
<msg time="2025-04-03T19:05:07.774354" level="INFO">${status_code} = 422</msg>
<msg time="2025-04-03T19:05:07.774453" level="INFO">${response_body} = [{'field': 'name', 'message': 'is too long (maximum is 200 characters)'}]</msg>
<var>${status_code}</var>
<var>${response_body}</var>
<arg>${name}</arg>
<arg>${gender}</arg>
<arg>${email}</arg>
<arg>${status}</arg>
<status status="PASS" start="2025-04-03T19:05:07.341277" elapsed="0.433275"/>
</kw>
<kw name="Should Be Equal As Numbers" owner="BuiltIn">
<msg time="2025-04-03T19:05:07.774887" level="INFO">Argument types are:
&lt;class 'int'&gt;
&lt;class 'str'&gt;</msg>
<arg>${status_code}</arg>
<arg>${expected_status_code}</arg>
<doc>Fails if objects are unequal after converting them to real numbers.</doc>
<status status="PASS" start="2025-04-03T19:05:07.774705" elapsed="0.000266"/>
</kw>
<kw name="Should Be Equal As Strings" owner="BuiltIn">
<arg>${response_body[0]["field"]}</arg>
<arg>${expected_error["field"]}</arg>
<doc>Fails if objects are unequal after converting them to strings.</doc>
<status status="PASS" start="2025-04-03T19:05:07.775063" elapsed="0.000781"/>
</kw>
<kw name="Should Be Equal As Strings" owner="BuiltIn">
<arg>${response_body[0]["message"]}</arg>
<arg>${expected_error["message"]}</arg>
<doc>Fails if objects are unequal after converting them to strings.</doc>
<status status="PASS" start="2025-04-03T19:05:07.775984" elapsed="0.000495"/>
</kw>
<arg>${NAME}</arg>
<arg>female</arg>
<arg>${EMAIL}</arg>
<arg>active</arg>
<arg>422</arg>
<arg>${EXPECTED_ERROR}</arg>
<status status="PASS" start="2025-04-03T19:05:07.340861" elapsed="0.435813"/>
</kw>
<tag>create</tag>
<status status="PASS" start="2025-04-03T19:05:07.327974" elapsed="0.449103"/>
</test>
<status status="PASS" start="2025-04-03T19:05:06.810918" elapsed="0.967197"/>
</suite>
<statistics>
<total>
<stat pass="1" fail="0" skip="0">All Tests</stat>
</total>
<tag>
<stat pass="1" fail="0" skip="0">create</stat>
</tag>
<suite>
<stat name="Createuser.Test" id="s1" pass="1" fail="0" skip="0">Createuser.Test</stat>
</suite>
</statistics>
<errors>
</errors>
</robot>
